0000000000000000 T __code_start
0000000000000000 A __start__
0000000000000000 T _start
0000000000000000 b _TLS_MODULE_BASE_
0000000000000000 0000000000002000 b tmp_buffer.0
0000000000000008 t entrypoint
0000000000000080 t startup
00000000000000a4 t bssclr_start
00000000000000cc t bss_loop
0000000000000120 T __nx_exit
0000000000000130 T __nx_mod0
0000000000000150 T _init
00000000000001c0 0000000000000034 T exit
0000000000000200 0000000000000298 T main
00000000000004a0 t __do_global_dtors_aux
0000000000000500 t frame_dummy
0000000000000530 000000000000000c T nn::SetUserInactivityDetectionTimeExtended(bool)
0000000000000540 0000000000000050 T nn::setFocusHandlingMode(AppletFocusHandlingMode)
0000000000000590 000000000000001c T Utils::_convertToTimeSpan(unsigned long)
00000000000005b0 00000000000000d4 T EGL::Interval(void const*, int)
0000000000000690 0000000000000044 T NVN::WindowInitialize(NVN::Window const*, NVN::WindowBuilder*)
00000000000006e0 000000000000005c T NVN::WindowBuilderSetTextures(NVN::WindowBuilder const*, int, NVN::Texture const**)
0000000000000740 00000000000000d0 T NVN::WindowSetNumActiveTextures(NVN::Window const*, int)
0000000000000810 00000000000000b4 T NVN::SyncWait0(void const*, unsigned long)
00000000000008d0 000000000000003c T NVN::AcquireTexture(NVN::Window const*, void const*, int const*)
0000000000000910 0000000000000044 T LOCK::TruncDec(double, double)
0000000000000960 0000000000000048 T nn::FileAccessorRead(void*, unsigned long*, long, void*, unsigned long, unsigned int*)
00000000000009b0 0000000000000048 T nn::FileAccessorReadCache(void*, unsigned long*, long, void*, unsigned long, unsigned int*, void*)
0000000000000a00 00000000000000f0 T vk::LookupSymbol(unsigned long*, char const*)
0000000000000af0 0000000000000294 T EGL::GetProc(char const*)
0000000000000d90 0000000000000398 T NVN::GetProcAddress0(NVN::Device*, char const*)
0000000000001130 0000000000000094 T NVN::SetPresentInterval(NVN::Window const*, int)
00000000000011d0 0000000000000094 T NVN::BootstrapLoader_1(char const*)
0000000000001270 0000000000000118 W SaltySDCore_printf(char const*, ...)
0000000000001390 0000000000000080 T LOCK::isAddressValid(unsigned long)
0000000000001410 0000000000000180 T LOCK::getAddress(unsigned char*)
0000000000001590 0000000000000094 T LOCK::isValid(unsigned char*, unsigned long)
0000000000001630 00000000000000f4 T LOCK::processBytes(__sFILE*)
0000000000001730 00000000000000f4 T LOCK::processVariables(__sFILE*)
0000000000001830 000000000000034c T LOCK::processCodeCave(__sFILE*)
0000000000001b80 0000000000000158 T LOCK::applyMasterWrite(__sFILE*, unsigned long)
0000000000001ce0 00000000000000c8 T LOCK::writeExprTo(double, unsigned char*, unsigned short*, unsigned char)
0000000000001db0 00000000000001e0 T LOCK::evaluateExpression(char const*, double, double)
0000000000001f90 000000000000058c T LOCK::convertPatchToFPSTarget(unsigned char*, unsigned char*, unsigned char, unsigned char)
0000000000002000 0000000000002000 b tmp_buffer.1
0000000000002520 0000000000000740 T LOCK::applyPatch(unsigned char*, unsigned char, unsigned char)
0000000000002c60 00000000000001f8 T Utils::readConfig(char const*, unsigned char**)
0000000000002e60 0000000000000170 T NX_FPS_Math::PreFrame()
0000000000002fd0 000000000000039c T NX_FPS_Math::PostFrame()
0000000000003370 00000000000002d8 T NVN::PresentTexture(void const*, NVN::Window const*, int)
0000000000003650 00000000000001ac T EGL::Swap(void const*, void const*)
0000000000003800 0000000000000150 T vk::Common::QueuePresent(void const*, void const*, unsigned long)
0000000000003950 000000000000000c T vk::nvSwapchain::QueuePresent(void const*, void const*)
0000000000003960 000000000000000c T vk::QueuePresent(void const*, void const*)
0000000000003970 0000000000000088 T vk::Common::CreateSwapchain(void*, vk::VkSwapchainCreateInfoKHR*, void const*, void const**, unsigned long)
0000000000003a00 000000000000000c T vk::CreateSwapchain(void*, vk::VkSwapchainCreateInfoKHR*, void const*, void const**)
0000000000003a10 00000000000001e8 T vk::Common::GetDeviceProcAddr(void*, char const*, unsigned long)
0000000000003c00 000000000000000c T vk::GetDeviceProcAddr(void*, char const*)
0000000000003c10 0000000000000190 T vk::Common::GetInstanceProcAddr(void*, char const*, unsigned long)
0000000000003da0 000000000000000c T vk::GetInstanceProcAddr(void*, char const*)
0000000000003db0 0000000000000910 T NX_FPS
0000000000004000 0000000000000401 b __fixedpath
0000000000004404 0000000000000004 b fsdev_last_result
00000000000046c0 00000000000000a4 W void NX_FPS_Math::addResToViewports<unsigned int>(unsigned int, unsigned int)
0000000000004770 00000000000000fc T vk::CmdSetViewport(void*, unsigned int, unsigned int, vk::VkViewport const*)
0000000000004870 00000000000000e8 T vk::CmdSetViewportWithCount(void*, unsigned int, vk::VkViewport const*)
0000000000004960 0000000000000140 T vk::CmdSetScissor(void*, unsigned int, unsigned int, vk::VkRect2D const*)
0000000000004aa0 0000000000000128 T vk::CmdSetScissorWithCount(void*, unsigned int, vk::VkRect2D const*)
0000000000004bd0 00000000000000dc T EGL::Common::ViewportArrayv(unsigned int, unsigned int, EGL::glViewportArray const*, unsigned long)
0000000000004cb0 000000000000000c T EGL::ViewportArrayv(unsigned int, unsigned int, EGL::glViewportArray const*)
0000000000004cc0 000000000000000c T EGL::ViewportArrayvNV(unsigned int, unsigned int, EGL::glViewportArray const*)
0000000000004cd0 000000000000000c T EGL::ViewportArrayvOES(unsigned int, unsigned int, EGL::glViewportArray const*)
0000000000004ce0 00000000000000a0 T EGL::Common::ViewportIndexedf(unsigned int, float, float, float, float, unsigned long)
0000000000004d80 000000000000000c T EGL::ViewportIndexedf(unsigned int, float, float, float, float)
0000000000004d90 000000000000000c T EGL::ViewportIndexedfNV(unsigned int, float, float, float, float)
0000000000004da0 000000000000000c T EGL::ViewportIndexedfOES(unsigned int, float, float, float, float)
0000000000004db0 00000000000000a0 T EGL::Common::ViewportIndexedfv(unsigned int, EGL::glViewportArray const*, unsigned long)
0000000000004e50 000000000000000c T EGL::ViewportIndexedfv(unsigned int, EGL::glViewportArray const*)
0000000000004e60 000000000000000c T EGL::ViewportIndexedfvNV(unsigned int, EGL::glViewportArray const*)
0000000000004e70 000000000000000c T EGL::ViewportIndexedfvOES(unsigned int, EGL::glViewportArray const*)
0000000000004e80 0000000000000078 T EGL::Viewport(int, int, unsigned int, unsigned int)
0000000000004f00 00000000000000f0 T NVN::CommandBufferSetViewports(NVN::CommandBuffer*, int, int, NVN::Viewport const*)
0000000000004ff0 0000000000000138 T NVN::CommandBufferSetScissors(NVN::CommandBuffer*, int, int, NVN::Scissor const*)
0000000000005130 00000000000000a0 T NVN::CommandBufferSetScissor(NVN::CommandBuffer const*, int, int, int, int)
00000000000051d0 000000000000008c T NVN::CommandBufferSetViewport(NVN::CommandBuffer const*, int, int, int, int)
0000000000005260 00000000000000a4 W void NX_FPS_Math::addResToRender<unsigned int>(unsigned int, unsigned int)
0000000000005310 0000000000000110 T NVN::CommandBufferSetRenderTargets(NVN::CommandBuffer const*, int, NVN::Texture const**, NVN::TextureView const**, NVN::Texture const*, NVN::TextureView const*)
0000000000005420 00000000000000f0 T TryPopNotificationMessage(int*)
0000000000005510 0000000000000064 T GetPerformanceMode()
0000000000005580 0000000000000074 T GetOperationMode()
0000000000005600 00000000000001a0 T GetDefaultDisplayResolution(int*, int*)
00000000000057a0 0000000000000030 T GetDefaultDisplayResolutionChangeEvent(SystemEvent*)
00000000000057d0 0000000000000024 T GetNotificationMessageEvent()
0000000000005800 0000000000000054 T InitializeMultiWaitHolder(void*, SystemEvent*)
0000000000005860 0000000000000054 T LinkMultiWaitHolder(void*, void*)
00000000000058c0 0000000000000044 T PopNotificationMessage()
0000000000005910 0000000000000124 T TryWaitSystemEvent(SystemEvent*)
0000000000005a40 0000000000000078 T WaitAny(void*)
0000000000005ac0 000000000000005c T WaitSystemEvent(SystemEvent*)
0000000000005b20 000000000000025c T loadSave()
0000000000005d80 00000000000002e4 T ReverseNX
0000000000006070 0000000000000224 T boyer_moore_search
00000000000062a0 0000000000000050 t npf_utoa_rev
00000000000062f0 0000000000000020 t npf_bufputc
0000000000006310 0000000000000004 t npf_bufputc_nop
0000000000006320 0000000000000050 T svcSetHeapSizeIntercept
0000000000006370 00000000000000f4 T QueryMemoryInfo
0000000000006470 0000000000000084 T svcGetInfoIntercept
0000000000006500 00000000000010d4 T npf_vpprintf
00000000000075e0 0000000000000160 W SaltySDCore_printf
0000000000007740 0000000000000098 T npf_vsnprintf
00000000000077e0 0000000000000064 T npf_snprintf
0000000000007850 00000000000000c0 T __libnx_init
0000000000007910 0000000000000078 W __libnx_exit
0000000000007990 000000000000051c T SaltySDCore_LoadPatches
0000000000007eb0 0000000000000060 T setupELFHeap
0000000000007f10 0000000000000070 T find_next_elf_heap
0000000000007f80 00000000000000a0 T SaltySDCore_RegisterExistingModules
0000000000008020 00000000000000ec T SaltySDCore_PatchSVCs
0000000000008110 00000000000001b0 T SaltySDCore_LoadPluginsInDir
00000000000082c0 0000000000000120 T SaltySDCore_LoadPlugins
00000000000083e0 000000000000000c T strtod
00000000000083f0 0000000000000080 W SaltySDCore_getCodeStart
0000000000008470 0000000000000038 W SaltySDCore_getCodeSize
00000000000084b0 00000000000000c4 W SaltySDCore_findCode
0000000000008580 00000000000000bc W SaltySDCore_findCodeEx
0000000000008640 000000000000000c W SaltySDCore_fopen
0000000000008650 000000000000000c W SaltySDCore_fread
0000000000008660 000000000000000c W SaltySDCore_fclose
0000000000008670 0000000000000038 W SaltySDCore_fseek
00000000000086b0 000000000000000c W SaltySDCore_ftell
00000000000086c0 000000000000000c W SaltySDCore_remove
00000000000086d0 000000000000000c W SaltySDCore_fwrite
00000000000086e0 000000000000000c W SaltySDCore_opendir
00000000000086f0 000000000000000c W SaltySDCore_mkdir
0000000000008700 000000000000000c W SaltySDCore_readdir
0000000000008710 000000000000000c W SaltySDCore_closedir
0000000000008720 0000000000000114 T SaltySDCore_GetSymbolAddr
0000000000008840 0000000000000070 T SaltySDCore_FindSymbol
00000000000088b0 0000000000000070 T SaltySDCore_FindSymbolBuiltin
0000000000008920 000000000000005c T SaltySDCore_RegisterModule
0000000000008980 000000000000005c T SaltySDCore_RegisterBuiltinModule
00000000000089e0 0000000000000348 T SaltySDCore_ReplaceModuleImport
0000000000008d30 0000000000000078 T SaltySDCore_ReplaceImport
0000000000008db0 0000000000000210 T SaltySDCore_DynamicLinkModule
0000000000008fc0 0000000000000084 T SaltySDCore_fillRoLoadModule
0000000000009050 000000000000000c T SaltySDCore_isRelrAvailable
0000000000009060 0000000000000034 T SaltySDCore_getDataForUpdate
00000000000090a0 00000000000000b4 T LoadModule
0000000000009160 0000000000000330 t ipcPrepareHeader
0000000000009490 00000000000001f0 t ipcParse.isra.0
0000000000009680 0000000000000078 W SaltySD_Init
0000000000009700 00000000000000a4 W SaltySD_Term
00000000000097b0 000000000000003c W SaltySD_Deinit
00000000000097f0 0000000000000090 W SaltySD_Restore
0000000000009880 00000000000000ec W SaltySD_LoadELF
0000000000009970 00000000000000b8 W SaltySD_Memcpy
0000000000009a30 000000000000008c W SaltySD_Exception
0000000000009ac0 00000000000000fc W SaltySD_GetSDCard
0000000000009bc0 00000000000000a4 T SaltySD_print
0000000000009c70 00000000000000b8 W SaltySD_CheckIfSharedMemoryAvailable
0000000000009d30 00000000000000cc W SaltySD_GetSharedMemoryHandle
0000000000009e00 0000000000000140 W SaltySD_printf
0000000000009f40 00000000000000d0 W SaltySD_GetBID
000000000000a010 00000000000000a0 W SaltySD_SetDisplaySyncDocked
000000000000a0b0 00000000000000a0 W SaltySD_SetDisplaySync
000000000000a150 000000000000000c t pi
000000000000a160 000000000000000c t e
000000000000a170 0000000000000008 t add
000000000000a180 0000000000000008 t sub
000000000000a190 0000000000000008 t mul
000000000000a1a0 0000000000000008 t divide
000000000000a1b0 0000000000000008 t negate
000000000000a1c0 0000000000000008 t comma
000000000000a1d0 00000000000000b0 t new_expr
000000000000a280 0000000000000080 t fac
000000000000a300 0000000000000098 t ncr
000000000000a3a0 0000000000000098 t npr
000000000000a440 0000000000000138 T te_free_parameters
000000000000a580 0000000000000034 T te_free
000000000000a5c0 00000000000003fc T next_token
000000000000a9c0 0000000000000140 t expr
000000000000ab00 0000000000000118 t list
000000000000ac20 000000000000033c t base
000000000000af60 00000000000000fc t power
000000000000b060 0000000000000110 t factor
000000000000b170 0000000000000148 t term
000000000000b2c0 00000000000006a4 T te_eval
000000000000b970 00000000000000b0 t optimize
000000000000ba20 00000000000000b0 T te_compile
000000000000bad0 T __nx_exit_clear
000000000000bb50 T elf_trampoline
000000000000bbe0 0000000000000014 T shmemLoadRemote
000000000000bc00 0000000000000080 T shmemMap
000000000000bc80 0000000000000064 t _GetRegionFromInfo
000000000000bcf0 00000000000000f0 T virtmemSetup
000000000000bde0 0000000000000118 T virtmemReserve
000000000000bf00 0000000000000004 T virtmemFree
000000000000bf10 0000000000000138 t _fatalImpl
000000000000c050 0000000000000014 T fatalWithType
000000000000c070 0000000000000014 T fatalSimple
000000000000c090 0000000000000330 t ipcPrepareHeader
000000000000c3c0 0000000000000048 t ipcCloseObjectById.isra.0
000000000000c410 00000000000001f0 t ipcParse.isra.0
000000000000c600 0000000000000060 t smGetServiceOriginal.part.0
000000000000c660 0000000000000014 T smHasInitialized
000000000000c680 0000000000000098 T smExit
000000000000c720 0000000000000034 T smEncodeName
000000000000c760 000000000000005c T smGetServiceOriginal
000000000000c7c0 000000000000015c T smInitialize
000000000000c920 000000000000001c T __syscall_exit
000000000000c940 0000000000000010 T __syscall_getreent
000000000000c950 0000000000000004 T __syscall_lock_acquire
000000000000c960 0000000000000004 T __syscall_lock_release
000000000000c970 0000000000000010 t fsdev_link
000000000000c980 0000000000000010 t fsdev_dirreset
000000000000c990 0000000000000010 t fsdev_chmod
000000000000c9a0 0000000000000018 t error_cmp
000000000000c9c0 000000000000005c t fsdev_translate_error
000000000000ca20 0000000000000020 t fsdev_dirclose
000000000000ca40 000000000000001c t fsdev_close
000000000000ca60 00000000000000c4 t fsdevFindDevice.part.0
000000000000cb30 000000000000006c t fsdevFindDevice
000000000000cba0 00000000000000ac t _fsdevUnmountDeviceStruct.part.0
000000000000cc50 00000000000001c8 t fsdev_getfspath.constprop.0
000000000000ce20 0000000000000010 t fsdev_fchmod
000000000000ce30 000000000000028c t _fsdevMountDevice
000000000000d0c0 0000000000000110 t fsdev_diropen
000000000000d1d0 00000000000000f4 t fsdev_statvfs
000000000000d2d0 00000000000000e0 t fsdev_fstat
000000000000d3b0 000000000000007c t fsdev_fsync
000000000000d430 00000000000001d4 t fsdev_stat
000000000000d610 0000000000000094 t fsdev_ftruncate
000000000000d6b0 000000000000013c t fsdev_rename
000000000000d7f0 0000000000000110 t fsdev_chdir
000000000000d900 00000000000000a8 t fsdev_rmdir
000000000000d9b0 00000000000000a8 t fsdev_mkdir
000000000000da60 00000000000000a8 t fsdev_unlink
000000000000db10 00000000000001e8 t fsdev_read
000000000000dd00 00000000000001b0 t fsdev_dirnext
000000000000deb0 0000000000000108 t fsdev_seek
000000000000dfc0 00000000000001e0 t fsdev_open
000000000000e1a0 00000000000001dc t fsdev_write
000000000000e380 0000000000000014 T fsdevMountDevice
000000000000e3a0 0000000000000064 T fsdevUnmountAll
000000000000e410 0000000000000128 T decode_utf8
000000000000e538 T svcSetHeapSize
000000000000e54c T svcUnmapMemory
000000000000e554 T svcQueryMemory
000000000000e568 T svcExitProcess
000000000000e570 T svcSleepThread
000000000000e578 T svcMapSharedMemory
000000000000e580 T svcCloseHandle
000000000000e588 T svcArbitrateLock
000000000000e590 T svcArbitrateUnlock
000000000000e598 T svcConnectToNamedPort
000000000000e5ac T svcSendSyncRequest
000000000000e5b4 T svcBreak
000000000000e5bc T svcOutputDebugString
000000000000e5c4 T svcReturnFromException
000000000000e5cc T svcGetInfo
000000000000e5e0 T __aarch64_read_tp
000000000000e5f0 000000000000017c T detectKernelVersion
000000000000e770 0000000000000030 T detectDebugger
000000000000e7a0 00000000000000a8 T mutexLock
000000000000e850 000000000000002c T mutexUnlock
000000000000e880 0000000000000330 t ipcPrepareHeader
000000000000ebb0 0000000000000048 t ipcCloseObjectById.isra.0
000000000000ec00 00000000000001f0 t ipcParse.isra.0
000000000000edf0 0000000000000140 T fsFsCreateFile
000000000000ef30 0000000000000138 T fsFsDeleteFile
000000000000f070 0000000000000138 T fsFsCreateDirectory
000000000000f1b0 0000000000000138 T fsFsDeleteDirectory
000000000000f2f0 00000000000001f8 T fsFsRenameFile
000000000000f4f0 00000000000001f8 T fsFsRenameDirectory
000000000000f6f0 0000000000000148 T fsFsGetEntryType
000000000000f840 00000000000001bc T fsFsOpenFile
000000000000fa00 00000000000001c0 T fsFsOpenDirectory
000000000000fbc0 0000000000000148 T fsFsGetFreeSpace
000000000000fd10 0000000000000148 T fsFsGetTotalSpace
000000000000fe60 00000000000001a8 T fsFsGetFileTimeStampRaw
0000000000010010 000000000000006c T fsFsClose
0000000000010080 0000000000000148 T fsFileRead
00000000000101d0 0000000000000120 T fsFileWrite
00000000000102f0 00000000000000f4 T fsFileFlush
00000000000102f0 00000000000000f4 t fsFileFlush.localalias
00000000000103f0 0000000000000100 T fsFileSetSize
00000000000103f0 0000000000000100 t fsFileSetSize.localalias
00000000000104f0 000000000000010c T fsFileGetSize
00000000000104f0 000000000000010c t fsFileGetSize.localalias
0000000000010600 000000000000006c T fsFileClose
0000000000010670 000000000000006c T fsDirClose
00000000000106e0 000000000000014c T fsDirRead
0000000000010830 00000000000000a0 T __nx_dynamic
00000000000108d0 0000000000000010 T hosversionGet
00000000000108e0 W __libnx_exception_entry
000000000001096c t __libnx_exception_entry_start
0000000000010a94 t __libnx_exception_entry_abort
0000000000010a98 t __libnx_exception_entry_end
0000000000010aa0 T __libnx_exception_returnentry
0000000000010ac0 00000000000001b0 T log
0000000000010c80 0000000000000098 T sin
0000000000010d20 0000000000000008 T fabs
0000000000010d40 0000000000000004 T atan2
0000000000010d60 0000000000000034 t with_errno
0000000000010da0 0000000000000018 t xflow
0000000000010dc0 000000000000000c t __math_uflow
0000000000010de0 000000000000000c t __math_oflow
0000000000010e00 0000000000000020 t __math_divzero
0000000000010e20 0000000000000020 t __math_invalid
0000000000010e40 0000000000000014 t __math_check_uflow
0000000000010e60 0000000000000020 t __math_check_oflow
0000000000010e80 00000000000002ec T __ieee754_rem_pio2
0000000000011180 0000000000000498 T pow
0000000000011620 0000000000000054 T fmod
0000000000011680 00000000000008a8 T __kernel_rem_pio2
0000000000011f40 0000000000000064 T acos
0000000000011fc0 000000000000010c T scalbn
00000000000120e0 0000000000000050 T sqrt
0000000000012140 0000000000000078 T log10
00000000000121c0 000000000000006c T cosh
0000000000012240 000000000000009c T __kernel_sin
00000000000122e0 0000000000000090 T cos
0000000000012380 00000000000000fc T __ieee754_log10
0000000000012480 0000000000000130 T tanh
00000000000125c0 0000000000000068 T sinh
0000000000012640 0000000000000008 T __ieee754_sqrt
0000000000012660 0000000000000238 T __ieee754_atan2
00000000000128a0 0000000000000064 T tan
0000000000012920 0000000000000008 T floor
0000000000012940 0000000000000064 T asin
00000000000129c0 0000000000000170 T exp
0000000000012b40 0000000000000008 T ceil
0000000000012b60 0000000000000484 T __ieee754_fmod
0000000000013000 0000000000000018 T finite
0000000000013020 0000000000000210 T atan
0000000000013240 0000000000000130 T __kernel_cos
0000000000013380 0000000000000284 T __ieee754_asin
0000000000013620 00000000000002b4 T __ieee754_acos
00000000000138e0 000000000000000c T nan
0000000000013900 0000000000000208 T __kernel_tan
0000000000013b20 00000000000002f8 T expm1
0000000000013e20 000000000000011c T __ieee754_cosh
0000000000013f40 0000000000000180 T __ieee754_sinh
00000000000140c0 0000000000000104 T strrchr
00000000000141e0 0000000000000130 T _fclose_r
0000000000014320 000000000000001c T fclose
0000000000014340 0000000000000104 T memset
0000000000014480 0000000000000134 T strcmp
00000000000145c0 00000000000000f4 T _fwrite_r
00000000000146c0 0000000000000034 T fwrite
0000000000014700 00000000000001b4 T strncmp
00000000000148c0 000000000000001c t stdio_exit_handler
00000000000148e0 000000000000006c t cleanup_stdio
0000000000014960 0000000000000134 t global_stdio_init.part.0
0000000000014aa0 000000000000000c T __sfp_lock_acquire
0000000000014ac0 000000000000000c T __sfp_lock_release
0000000000014ae0 0000000000000138 T __sfp
0000000000014c20 0000000000000054 T __sinit
0000000000014c80 0000000000000088 T strncat
0000000000014d20 0000000000000098 T _fwalk_sglue
0000000000014dc0 00000000000000b4 T bsearch
0000000000014e80 0000000000000014 T __errno
0000000000014ea0 000000000000002c T calloc
0000000000014f00 000000000000022c T memcpy
0000000000014f00 T memmove
0000000000015140 00000000000000bc T _calloc_r
0000000000015200 000000000000002c T realloc
0000000000015240 0000000000000004 T _fseek_r
0000000000015260 0000000000000034 T fseek
00000000000152a0 0000000000000840 T _malloc_r
0000000000015ae0 000000000000011c T _malloc_trim_r
0000000000015c00 00000000000002d8 T _free_r
0000000000015ee0 0000000000000044 T __libc_fini_array
0000000000015f40 0000000000000038 T malloc
0000000000015f80 000000000000001c T free
0000000000015fa0 00000000000001ec T __sflush_r
00000000000161a0 00000000000000bc T _fflush_r
0000000000016280 0000000000000130 T strlen
00000000000163c0 0000000000000568 T _realloc_r
0000000000016940 0000000000000330 T _fread_r
0000000000016c80 0000000000000034 T fread
0000000000016cc0 00000000000000b8 T strnlen
0000000000016d80 000000000000000c T __malloc_lock
0000000000016da0 000000000000000c T __malloc_unlock
0000000000016dc0 0000000000000004 W __call_exitprocs
0000000000016de0 0000000000000120 T _fopen_r
0000000000016f00 000000000000002c T fopen
0000000000016f40 00000000000000ac T strncpy
0000000000017000 0000000000000004 T _ftell_r
0000000000017020 000000000000001c T ftell
0000000000017040 0000000000000058 T _remove_r
00000000000170a0 000000000000001c T remove
00000000000170c0 00000000000004a4 T __sfvwrite_r
0000000000017580 000000000000004c T __sread
00000000000175e0 0000000000000070 T __swrite
0000000000017660 0000000000000050 T __sseek
00000000000176c0 0000000000000008 T __sclose
00000000000176e0 000000000000018c T _memalign_r
0000000000017880 00000000000000dc T memchr
0000000000017960 00000000000004c0 T _fseeko_r
0000000000017e40 00000000000000cc T strchr
0000000000017f20 00000000000000b8 T __sflags
0000000000017fe0 0000000000000038 t lflush
0000000000018020 0000000000000190 T __srefill_r
00000000000181c0 00000000000000b0 T __swhatbuf_r
0000000000018280 00000000000000e8 T __smakebuf_r
0000000000018380 0000000000000168 T _ftello_r
0000000000018500 000000000000012c T __swsetup_r
0000000000018640 0000000000000020 T _exit
0000000000018660 000000000000008c t __dirnext
0000000000018700 0000000000000110 T opendir
0000000000018820 00000000000000ac T closedir
00000000000188e0 0000000000000104 T readdir_r
0000000000018a00 0000000000000040 T readdir
0000000000018a40 000000000000009c T _fstat_r
0000000000018ae0 0000000000000020 T __getreent
0000000000018b00 00000000000000a0 T __release_handle
0000000000018ba0 0000000000000130 T __alloc_handle
0000000000018ce0 0000000000000060 T __get_handle
0000000000018d40 00000000000000f4 T _close_r
0000000000018e40 0000000000000008 t null_write
0000000000018e60 0000000000000018 T setDefaultDevice
0000000000018e80 0000000000000110 T FindDevice
0000000000018fa0 0000000000000034 T RemoveDevice
0000000000018fe0 00000000000000c4 T AddDevice
00000000000190c0 0000000000000008 T _isatty_r
00000000000190e0 00000000000000a0 T _lseek_r
0000000000019180 0000000000000088 T mkdir
0000000000019220 00000000000000f0 T _open_r
0000000000019320 00000000000000b0 T _read_r
00000000000193e0 0000000000000084 T _rmdir_r
0000000000019480 0000000000000078 W _sbrk_r
0000000000019500 0000000000000014 T __libc_lock_acquire
0000000000019520 0000000000000014 T __libc_lock_release
0000000000019540 0000000000000014 T __libc_lock_acquire_recursive
0000000000019560 0000000000000014 T __libc_lock_release_recursive
0000000000019580 0000000000000080 T _unlink_r
0000000000019600 00000000000000b0 T _write_r
00000000000196b0 T _fini
000000000001a000 0000000000000004 T codeCave()
000000000001b000 R __rodata_start
000000000001c878 0000000000000020 r error_table
000000000001c8e0 0000000000000080 r npio2_hw
000000000001c960 0000000000000108 r two_over_pi
000000000001ca70 0000000000000040 r PIo2
000000000001cab0 0000000000000010 r init_jk
000000000001cac0 0000000000000870 R __exp_data
000000000001d330 0000000000001048 R __pow_log_data
000000000001e378 0000000000000008 r tiny
000000000001e380 0000000000000008 r two
000000000001e388 0000000000000008 r one
000000000001e390 0000000000000890 R __log_data
000000000001ec20 0000000000000018 r CSWTCH.7
000000000001ec38 0000000000000018 r CSWTCH.6
000000000001ec50 0000000000000010 r Zero
000000000001ec60 0000000000000020 r atanlo
000000000001ec80 0000000000000020 r atanhi
000000000001eca0 0000000000000101 R _ctype_
000000000001eda8 r __EH_FRAME_BEGIN__
000000000001edf0 a _DYNAMIC
0000000000023000 R __data_start
0000000000023000 d __frame_dummy_init_array_entry
0000000000023000 D __init_array_start
0000000000023000 B __preinit_array_end
0000000000023000 B __preinit_array_start
0000000000023000 D __tdata_lma
0000000000023000 D __tdata_lma_end
0000000000023008 d __do_global_dtors_aux_fini_array_entry
0000000000023008 D __fini_array_start
0000000000023008 D __init_array_end
0000000000023010 D __fini_array_end
0000000000023010 D __got_start__
0000000000023010 a _GLOBAL_OFFSET_TABLE_
00000000000233d8 D __got_end__
00000000000233d8 000000000000000c d Stats
00000000000233e4 0000000000000004 D configRC
00000000000233e8 0000000000000008 D SharedMemoryOffset
00000000000233f0 0000000000000008 D LOCK::DockedRefreshRateDelay
00000000000233f8 0000000000000001 D LOCK::gen
00000000000233f9 0000000000000001 d TryWaitSystemEvent(SystemEvent*)::check
00000000000233fa 0000000000000001 d TryPopNotificationMessage(int*)::check2
00000000000233fb 0000000000000001 d TryPopNotificationMessage(int*)::check1
0000000000023400 0000000000000008 D SharedMemoryOffset2
0000000000023408 0000000000000040 D resolutions
0000000000023450 0000000000000010 d patch.1
0000000000023460 0000000000000008 d orig_2.2
0000000000023468 0000000000000008 d orig_1.3
0000000000023470 0000000000000008 D elf_area_size
0000000000023478 0000000000000320 d functions
0000000000023798 0000000000000008 V __nx_exception_stack_size
00000000000237a0 0000000000000401 d __cwd
0000000000023ba4 0000000000000004 d fsdev_fsdevice_cwd
0000000000023ba8 0000000000000004 d fsdev_fsdevice_default
0000000000023bb0 0000000000000100 d fsdev_devoptab
0000000000023cb0 0000000000000018 D __sglue
0000000000023cc8 0000000000000008 D __malloc_sbrk_base
0000000000023cd0 0000000000000008 D __malloc_trim_threshold
0000000000023cd8 0000000000000810 D __malloc_av_
00000000000244e8 0000000000000008 D _impure_ptr
00000000000244f0 0000000000000180 D _impure_data
0000000000024680 0000000000002000 d handles
0000000000026680 0000000000000010 d __stderr_handle
0000000000026690 0000000000000010 d __stdout_handle
00000000000266a0 0000000000000010 d __stdin_handle
00000000000266b0 0000000000000118 D devoptab_list
00000000000267c8 0000000000000100 D dotab_stdnull
00000000000268c8 0000000000000004 d defaultDevice
00000000000268cc D __bss_start__
00000000000268d0 b completed.1
00000000000268d8 b object.0
0000000000026908 0000000000000008 B NVN::WindowSync
0000000000026910 0000000000000001 b vk::Common::QueuePresent(void const*, void const*, unsigned long)::check_redirection
0000000000026914 0000000000000004 B NX_FPS_Math::new_fpslock
0000000000026918 0000000000000001 B NX_FPS_Math::old_force
0000000000026919 0000000000000001 B NX_FPS_Math::FPSlock_delayed
000000000002691a 0000000000000001 B NX_FPS_Math::range
000000000002691b 0000000000000001 B NX_FPS_Math::FPStickItr
000000000002691c 0000000000000004 B NX_FPS_Math::FPStiming
0000000000026920 0000000000000001 B NX_FPS_Math::FPSlock
0000000000026928 0000000000000008 B NX_FPS_Math::frameavg
0000000000026930 0000000000000008 B NX_FPS_Math::frameend
0000000000026938 0000000000000008 B NX_FPS_Math::starttick2
0000000000026940 0000000000000008 B NX_FPS_Math::starttick
0000000000026948 0000000000000001 B NX_FPS_Math::FPS_temp
0000000000026949 0000000000000001 b nn::setFocusHandlingMode(AppletFocusHandlingMode)::Initialized
000000000002694c 0000000000000004 b nn::setFocusHandlingMode(AppletFocusHandlingMode)::last_mode
0000000000026950 0000000000000001 B nn::focusHandlingOverwrite
0000000000026954 0000000000000004 B nn::defaultFocusHandlingMode
0000000000026958 0000000000000008 B last_viewport
0000000000026960 0000000000000008 B fileBytesRead
0000000000026968 0000000000000008 B startFrameTick
0000000000026970 0000000000000001 B changedFPS
0000000000026971 0000000000000001 B changeFPS
0000000000026978 0000000000000008 B Shared
0000000000026980 0000000000000030 B m_resolutionViewportCalls
00000000000269b0 0000000000000030 B m_resolutionRenderCalls
00000000000269e0 0000000000000001 B amountOfAvailableBuffers
00000000000269e1 0000000000000001 B setNumActiveTexturesDetected
00000000000269e2 0000000000000001 B resolutionLookup
00000000000269e8 0000000000000008 b sharedOperationMode
00000000000269f0 0000000000000008 B configSize
00000000000269f8 0000000000000008 B configBuffer
0000000000026a00 00000000000001c8 b Address_weaks
0000000000026bc8 0000000000000001 b LOCK::applyPatch(unsigned char*, unsigned char, unsigned char)::lastRefreshRate
0000000000026bc9 0000000000000001 b LOCK::applyPatch(unsigned char*, unsigned char, unsigned char)::lastFPS
0000000000026bd0 0000000000000008 b LOCK::applyPatch(unsigned char*, unsigned char, unsigned char)::new_buffer
0000000000026bd8 0000000000000001 B LOCK::unsafeCheck
0000000000026be0 0000000000000028 b LOCK::mappings
0000000000026c08 0000000000000004 B LOCK::compiledSize
0000000000026c0c 0000000000000001 B LOCK::masterWrite
0000000000026c10 0000000000000008 B LOCK::overwriteRefreshRate
0000000000026c18 0000000000000001 B LOCK::MasterWriteApplied
0000000000026c19 0000000000000001 B LOCK::blockDelayFPS
0000000000026c1c 0000000000000004 B LOCK::offset
0000000000027000 0000000000001000 B variables_buffer
0000000000028000 0000000000000001 b TryWaitSystemEvent(SystemEvent*)::compare_res_mode_d
0000000000028001 0000000000000001 b TryWaitSystemEvent(SystemEvent*)::compare_res_mode_h
0000000000028002 0000000000000001 b TryWaitSystemEvent(SystemEvent*)::compare
0000000000028003 0000000000000001 b TryPopNotificationMessage(int*)::compare2
0000000000028004 0000000000000001 b TryPopNotificationMessage(int*)::compare
0000000000028008 0000000000000008 b sharedOperationMode
0000000000028010 0000000000000001 B multiWaitHack
0000000000028018 0000000000000008 B multiWaitCopy
0000000000028020 0000000000000008 B multiWaitHolderCopy
0000000000028028 0000000000000008 B notificationMessageEventCopy
0000000000028030 0000000000000008 B defaultDisplayResolutionChangeEventCopy
0000000000028038 0000000000000008 B ReverseNX_RT
0000000000028040 0000000000000068 b Address_weaks
00000000000280a8 0000000000000001 b initialized.0
00000000000280b0 0000000000000008 B strtod_ptr
00000000000280b8 0000000000000008 B Address_weak_QueryMemoryInfo
00000000000280c0 0000000000000008 B g_heapSize
00000000000280c8 0000000000000008 B g_heapAddr
00000000000280d0 0000000000000004 b sharedOperationMode
00000000000280d8 0000000000000008 B tid
00000000000280e0 0000000000000028 B vars_mine
0000000000028108 0000000000000028 B vars_orig
0000000000028130 0000000000000004 B sdcard
0000000000028138 0000000000000008 B orig_ctx
0000000000028140 0000000000000004 B orig_main_thread
0000000000028150 0000000000008000 b g_heap
0000000000030150 0000000000000008 B code_start
0000000000030158 0000000000000001 B relr_available
000000000003015c 0000000000000004 B num_replaced_symbols
0000000000030160 0000000000000008 B replaced_symbols
0000000000030168 0000000000000008 B roLoadModule
0000000000030170 0000000000000004 B num_builtin_elfs
0000000000030178 0000000000000008 B builtin_elfs
0000000000030180 0000000000000004 B num_elfs
0000000000030188 0000000000000008 B elfs
0000000000030190 0000000000000004 B saltysd
0000000000030194 0000000000000004 b g_VirtMemMutex
0000000000030198 0000000000000008 b g_CurrentAddr
00000000000301a0 0000000000000030 b g_Region
00000000000301d0 0000000000000010 b g_AddressSpace
00000000000301e0 0000000000000008 b g_refCnt
00000000000301e8 000000000000000c b g_smSrv
0000000000030200 0000000000000340 B __nx_exceptiondump
0000000000030540 0000000000000004 V __nx_exception_ignoredebug
0000000000030550 0000000000000400 V __nx_exception_stack
0000000000030950 0000000000000008 B __stack_top
0000000000030960 0000000000002700 b fsdev_fsdevices
0000000000033060 0000000000000001 b fsdev_initialised
0000000000033064 0000000000000004 b g_Version
0000000000033068 0000000000000004 b g_VersionMutex
000000000003306c 0000000000000001 b g_VersionCached
0000000000033070 0000000000000008 B __system_argv
0000000000033078 0000000000000004 B __system_argc
000000000003307c 0000000000000004 b g_hosVersion
0000000000033080 000000000000000c b __sfp_recursive_mutex
0000000000033090 0000000000000228 B __sf
00000000000332b8 0000000000000008 B __stdio_exit_handler
00000000000332c0 0000000000000050 B __malloc_current_mallinfo
0000000000033310 0000000000000008 B __malloc_max_total_mem
0000000000033318 0000000000000008 B __malloc_max_sbrked_mem
0000000000033320 0000000000000008 B __malloc_top_pad
0000000000033328 000000000000000c b __malloc_recursive_mutex
0000000000033334 0000000000000004 b __hndl_lock
0000000000033338 0000000000000008 B fake_heap_start
0000000000033340 0000000000000008 B fake_heap_end
0000000000033348 0000000000000008 b heap_start.0
0000000000033350 B __tls_start
0000000000037758 B __bss_end__
0000000000037758 A __end__
0000000000037758 B __tls_end
0000000000038000 A __argdata__
