0000000000000000 A __start__
0000000000000000 T _start
0000000000000008 t startup
0000000000000030 t bss_loop
0000000000000070 T __nx_exit
00000000000000b0 00000000000000e0 T main
0000000000000190 0000000000000024 W __rel_init
00000000000001c0 0000000000000024 W __rel_exit
00000000000001f0 00000000000000ec T saltySDTerm
00000000000002e0 0000000000000124 T saltySDLoadELF
0000000000000410 0000000000000038 T setupAppHeap
0000000000000450 0000000000000010 t _out_buffer
0000000000000460 0000000000000004 t _out_null
0000000000000470 000000000000000c t _out_fct
0000000000000480 00000000000005cc t _ntoa_long
0000000000000480 00000000000005cc t _ntoa_long_long
0000000000000a50 000000000000126c t _vsnprintf
0000000000001cc0 0000000000000004 t _out_char
0000000000001cd0 0000000000000028 T _strlen
0000000000001d00 0000000000000074 T printf_
0000000000001d80 0000000000000070 T sprintf_
0000000000001df0 0000000000000070 T snprintf_
0000000000001e60 0000000000000038 T vsnprintf_
0000000000001ea0 0000000000000080 T fctprintf
0000000000001f20 T svcSetHeapSize
0000000000001f34 T svcSetMemoryPermission
0000000000001f3c T svcSetMemoryAttribute
0000000000001f44 T svcMapMemory
0000000000001f4c T svcUnmapMemory
0000000000001f54 T svcQueryMemory
0000000000001f68 T svcExitProcess
0000000000001f70 T svcCreateThread
0000000000001f84 T svcStartThread
0000000000001f8c T svcExitThread
0000000000001f94 T svcSleepThread
0000000000001f9c T svcGetThreadPriority
0000000000001fb0 T svcSetThreadPriority
0000000000001fb8 T svcGetThreadCoreMask
0000000000001fd0 T svcSetThreadCoreMask
0000000000001fd8 T svcGetCurrentProcessorNumber
0000000000001fe0 T svcSignalEvent
0000000000001fe8 T svcClearEvent
0000000000001ff0 T svcMapSharedMemory
0000000000001ff8 T svcUnmapSharedMemory
0000000000002000 T svcCreateTransferMemory
0000000000002014 T svcCloseHandle
000000000000201c T svcResetSignal
0000000000002024 T svcWaitSynchronization
0000000000002038 T svcCancelSynchronization
0000000000002040 T svcArbitrateLock
0000000000002048 T svcArbitrateUnlock
0000000000002050 T svcWaitProcessWideKeyAtomic
0000000000002058 T svcSignalProcessWideKey
0000000000002060 T svcGetSystemTick
0000000000002068 T svcConnectToNamedPort
000000000000207c T svcSendSyncRequest
0000000000002084 T svcSendSyncRequestWithUserBuffer
000000000000208c T svcSendAsyncRequestWithUserBuffer
00000000000020a0 T svcGetProcessId
00000000000020b4 T svcGetThreadId
00000000000020c8 T svcBreak
00000000000020d0 T svcOutputDebugString
00000000000020d8 T svcReturnFromException
00000000000020e0 T svcGetInfo
00000000000020f4 T svcMapPhysicalMemory
00000000000020fc T svcUnmapPhysicalMemory
0000000000002104 T svcGetResourceLimitLimitValue
0000000000002118 T svcGetResourceLimitCurrentValue
000000000000212c T svcSetThreadActivity
0000000000002134 T svcGetThreadContext3
000000000000213c T svcCreateSession
0000000000002154 T svcAcceptSession
0000000000002168 T svcReplyAndReceive
000000000000217c T svcReplyAndReceiveWithUserBuffer
0000000000002190 T svcCreateEvent
00000000000021a8 T svcMapPhysicalMemoryUnsafe
00000000000021b0 T svcUnmapPhysicalMemoryUnsafe
00000000000021b8 T svcSetUnsafeLimit
00000000000021c0 T svcCreateCodeMemory
00000000000021d4 T svcControlCodeMemory
00000000000021dc T svcReadWriteRegister
00000000000021f0 T svcCreateSharedMemory
0000000000002204 T svcMapTransferMemory
000000000000220c T svcUnmapTransferMemory
0000000000002214 T svcCreateInterruptEvent
0000000000002228 T svcQueryPhysicalAddress
0000000000002240 T svcQueryMemoryMapping
0000000000002258 T svcLegacyQueryIoMapping
000000000000226c T svcCreateDeviceAddressSpace
0000000000002280 T svcAttachDeviceAddressSpace
0000000000002288 T svcDetachDeviceAddressSpace
0000000000002290 T svcMapDeviceAddressSpaceByForce
0000000000002298 T svcMapDeviceAddressSpaceAligned
00000000000022a0 T svcUnmapDeviceAddressSpace
00000000000022a8 T svcDebugActiveProcess
00000000000022bc T svcBreakDebugProcess
00000000000022c4 T svcTerminateDebugProcess
00000000000022cc T svcGetDebugEvent
00000000000022d4 T svcLegacyContinueDebugEvent
00000000000022dc T svcContinueDebugEvent
00000000000022e4 T svcGetProcessList
00000000000022f8 T svcGetThreadList
000000000000230c T svcGetDebugThreadContext
0000000000002314 T svcSetDebugThreadContext
000000000000231c T svcQueryDebugProcessMemory
0000000000002330 T svcReadDebugProcessMemory
0000000000002338 T svcWriteDebugProcessMemory
0000000000002340 T svcGetDebugThreadParam
0000000000002358 T svcGetSystemInfo
000000000000236c T svcCreatePort
0000000000002384 T svcManageNamedPort
0000000000002398 T svcConnectToPort
00000000000023ac T svcSetProcessMemoryPermission
00000000000023b4 T svcMapProcessMemory
00000000000023bc T svcUnmapProcessMemory
00000000000023c4 T svcQueryProcessMemory
00000000000023d8 T svcMapProcessCodeMemory
00000000000023e0 T svcUnmapProcessCodeMemory
00000000000023e8 T svcCreateProcess
00000000000023fc T svcStartProcess
0000000000002404 T svcTerminateProcess
000000000000240c T svcGetProcessInfo
0000000000002420 T svcCreateResourceLimit
0000000000002434 T svcSetResourceLimitLimitValue
000000000000243c T svcCallSecureMonitor
0000000000003040 0000000000000050 r pow10.0
00000000000030e0 R __eh_frame_hdr_end
00000000000030e0 R __eh_frame_hdr_start
0000000000004000 D __got_end__
0000000000004000 D __got_start__
0000000000004000 D __tdata_lma
0000000000004000 D __tdata_lma_end
0000000000004008 0000000000000008 D __saltysd_exit_func
0000000000004010 D __bss_start__
0000000000004010 0000000000000008 B orig_ctx
0000000000004018 0000000000000004 B orig_main_thread
0000000000004020 0000000000000008 B __stack_top
0000000000004028 0000000000000008 B __system_argv
0000000000004030 0000000000000004 B __system_argc
0000000000004038 0000000000000008 B g_heapSize
0000000000004040 0000000000000008 B g_heapAddr
0000000000004048 0000000000000004 B saltysd
0000000000004050 B __bss_end__
0000000000004050 A __end__
0000000000004050 B __tls_end
0000000000004050 B __tls_start
0000000000005000 A __argdata__
