0000000000000000 a __start__
0000000000000000 T _start
0000000000000000 b _TLS_MODULE_BASE_
0000000000000000 0000000000000004 b g_fsPriority
0000000000000004 0000000000000004 b fsdev_last_result
0000000000000008 0000000000000401 B __nx_dev_path_buf
00000000000000e0 T __nx_exit
00000000000000f0 T __nx_mod0
0000000000000140 0000000000000034 T exit
0000000000000180 000000000000088c T main
0000000000000a20 t __do_global_dtors_aux
0000000000000a80 t frame_dummy
0000000000000ab0 00000000000000a4 t remove_controller
0000000000000b60 000000000000009c t gpio_set_value.isra.0
0000000000000c00 000000000000005c t gpio_battery_apply
0000000000000c60 0000000000000058 t gpio_charge_tick
0000000000000cc0 0000000000000274 t scan_pads
0000000000000f40 0000000000000210 t run_battery_fsm_hidsys
0000000000001150 0000000000000144 t run_charge_fsm_hidsys
00000000000012a0 0000000000000420 t reload_from_disk
00000000000016c0 000000000000002c T __libnx_initheap
00000000000016f0 0000000000000354 T __appInit
0000000000001a50 0000000000000154 T __appExit
0000000000001bb0 00000000000000b4 t _fsCleanup
0000000000001c70 00000000000001c0 t _fsCmdNoIO
0000000000001e30 00000000000001e0 t _fsFsCmdWithInPath
0000000000002010 00000000000001f8 t _fsFsCmdWithTwoInPaths
0000000000002210 000000000000028c t _fsFsOpenCommon
00000000000024a0 00000000000001fc t _fsFsCmdWithInPathAndOutU64
00000000000026a0 00000000000000f8 t _fsObjectClose
00000000000027a0 000000000000017c t _fsCmdGetSession.constprop.0
0000000000002920 00000000000002f8 T fsInitialize
0000000000002c20 0000000000000048 T fsExit
0000000000002c70 0000000000000008 T fsOpenSdCardFileSystem
0000000000002c80 00000000000001ec T fsFsCreateFile
0000000000002e70 0000000000000008 T fsFsDeleteFile
0000000000002e80 0000000000000008 T fsFsCreateDirectory
0000000000002e90 0000000000000008 T fsFsDeleteDirectory
0000000000002ea0 0000000000000008 T fsFsRenameFile
0000000000002eb0 0000000000000008 T fsFsRenameDirectory
0000000000002ec0 00000000000001f0 T fsFsGetEntryType
00000000000030b0 0000000000000008 T fsFsOpenFile
00000000000030c0 0000000000000008 T fsFsOpenDirectory
00000000000030d0 0000000000000008 T fsFsGetFreeSpace
00000000000030e0 0000000000000008 T fsFsGetTotalSpace
00000000000030f0 0000000000000230 T fsFsGetFileTimeStampRaw
0000000000003320 0000000000000004 T fsFsClose
0000000000003330 0000000000000214 T fsFileRead
0000000000003550 00000000000001f8 T fsFileWrite
0000000000003750 0000000000000008 T fsFileFlush
0000000000003760 00000000000001c0 T fsFileSetSize
0000000000003760 00000000000001c0 t fsFileSetSize.localalias
0000000000003920 00000000000001d4 T fsFileGetSize
0000000000003920 00000000000001d4 t fsFileGetSize.localalias
0000000000003b00 0000000000000004 T fsFileClose
0000000000003b10 0000000000000004 T fsDirClose
0000000000003b20 0000000000000204 T fsDirRead
0000000000003d30 000000000000012c t _hidCleanup
0000000000003e60 0000000000000194 t _hidGetStates
0000000000004000 000000000000026c T hidInitialize
0000000000004270 0000000000000048 T hidExit
00000000000042c0 000000000000000c T hidGetSharedmemAddr
00000000000042d0 0000000000000058 T hidGetHomeButtonStates
0000000000004330 00000000000000bc t _hidsysCmdNoIO
00000000000043f0 0000000000000078 t _hidsysCleanup
0000000000004470 00000000000000b0 T hidsysInitialize
0000000000004520 0000000000000048 T hidsysExit
0000000000004570 0000000000000128 T hidsysGetUniquePadsFromNpad
00000000000046a0 0000000000000008 T hidsysEnableHandheldHids
00000000000046b0 00000000000000e8 T hidsysGetUniquePadIds
00000000000047a0 00000000000000fc T hidsysGetUniquePadType
00000000000048a0 000000000000010c T hidsysSetNotificationLedPattern
00000000000049b0 0000000000000078 t _psmCleanup
0000000000004a30 00000000000000d0 t _psmCmdNoInOutU32.constprop.0
0000000000004b00 0000000000000098 T psmInitialize
0000000000004ba0 0000000000000048 T psmExit
0000000000004bf0 0000000000000008 T psmGetBatteryChargePercentage
0000000000004c00 0000000000000008 T psmGetChargerType
0000000000004c10 00000000000000d0 t _setsysGetFirmwareVersionImpl
0000000000004ce0 0000000000000078 t _setsysCleanup
0000000000004d60 00000000000000c8 t _setCmdNoInOutU32.isra.0
0000000000004e30 00000000000000a0 T setsysInitialize
0000000000004ed0 0000000000000048 T setsysExit
0000000000004f20 0000000000000048 T setsysGetFirmwareVersion
0000000000004f70 0000000000000050 T setsysGetProductModel
0000000000004fc0 00000000000000cc t _smCmifCmdInPid
0000000000005090 0000000000000078 t _smCleanup
0000000000005110 0000000000000048 T smAddOverrideHandle
0000000000005160 0000000000000054 T smGetServiceOverride
00000000000051c0 00000000000001ac T smInitialize
0000000000005370 0000000000000048 T smExit
00000000000053c0 00000000000000d0 T smGetServiceOriginal
0000000000005490 0000000000000120 T smGetServiceWrapper
00000000000055b0 0000000000000004 W __libnx_alloc
00000000000055c0 0000000000000004 W __libnx_free
00000000000055d0 000000000000001c W diagAbortWithResult
00000000000055f0 0000000000000014 T hosversionGet
0000000000005610 0000000000000010 T hosversionSet
0000000000005620 0000000000000010 t fsdev_link
0000000000005630 0000000000000010 t fsdev_dirreset
0000000000005640 0000000000000010 t fsdev_chmod
0000000000005650 0000000000000018 t error_cmp
0000000000005670 0000000000000020 t fsdev_dirclose
0000000000005690 000000000000001c t fsdev_close
00000000000056b0 0000000000000074 t fsdev_converttimetoutc
0000000000005730 00000000000000d4 t fsdevFindDevice.part.0
0000000000005810 00000000000001cc t fsdev_fixpath
00000000000059e0 000000000000009c t _fsdevUnmountDeviceStruct.part.0
0000000000005a80 0000000000000010 t fsdev_fchmod
0000000000005a90 0000000000000100 t fsdev_diropen
0000000000005b90 00000000000000f8 t fsdev_statvfs
0000000000005c90 000000000000007c t fsdev_fsync
0000000000005d10 00000000000000ec t fsdev_fstat
0000000000005e00 0000000000000094 t fsdev_ftruncate
0000000000005ea0 00000000000001d8 t fsdev_stat
0000000000006080 000000000000014c t fsdev_rename
00000000000061d0 000000000000013c t fsdev_chdir
0000000000006310 00000000000000a4 t fsdev_rmdir
00000000000063c0 00000000000000a4 t fsdev_mkdir
0000000000006470 00000000000000a4 t fsdev_unlink
0000000000006520 000000000000013c t fsdev_write_safe
0000000000006660 0000000000000134 t fsdev_read_safe
00000000000067a0 0000000000000100 t fsdev_read
00000000000068a0 00000000000001d4 t fsdev_dirnext
0000000000006a80 0000000000000124 t fsdev_write
0000000000006bb0 0000000000000110 t fsdev_seek
0000000000006cc0 0000000000000230 t fsdev_open
0000000000006ef0 0000000000000324 T fsdevMountDevice
0000000000007220 0000000000000040 T fsdevMountSdmc
0000000000007260 0000000000000064 T fsdevUnmountAll
00000000000072d0 0000000000000128 T decode_utf8
00000000000073f8 T svcSetMemoryPermission
0000000000007400 T svcSetMemoryAttribute
0000000000007408 T svcUnmapMemory
0000000000007410 T svcQueryMemory
0000000000007424 T svcExitProcess
000000000000742c T svcSleepThread
0000000000007434 T svcMapSharedMemory
000000000000743c T svcUnmapSharedMemory
0000000000007444 T svcCloseHandle
000000000000744c T svcArbitrateLock
0000000000007454 T svcArbitrateUnlock
000000000000745c T svcWaitProcessWideKeyAtomic
0000000000007464 T svcSignalProcessWideKey
000000000000746c T svcConnectToNamedPort
0000000000007480 T svcSendSyncRequest
0000000000007488 T svcBreak
0000000000007490 T svcReturnFromException
0000000000007498 T svcGetInfo
00000000000074ac T __aarch64_read_tp
00000000000074c0 00000000000000c8 T mutexLock
0000000000007590 0000000000000068 T mutexUnlock
0000000000007600 000000000000001c T mutexIsLockedByCurrentThread
0000000000007620 0000000000000050 T rmutexLock
0000000000007670 0000000000000018 T rmutexUnlock
0000000000007690 0000000000000014 T shmemLoadRemote
00000000000076b0 0000000000000070 T shmemMap
0000000000007720 0000000000000034 T shmemUnmap
0000000000007760 000000000000004c T shmemClose
00000000000077b0 0000000000000064 t _memregionInitWithInfo
0000000000007820 0000000000000004 W __libnx_virtmem_rng
0000000000007830 0000000000000164 t _memregionFindRandom
00000000000079a0 0000000000000140 T virtmemSetup
0000000000007ae0 000000000000000c T virtmemLock
0000000000007af0 000000000000000c T virtmemUnlock
0000000000007b00 0000000000000050 T virtmemFindAslr
0000000000007b50 0000000000000184 T sessionmgrCreate
0000000000007ce0 0000000000000084 T sessionmgrClose
0000000000007d70 00000000000000a8 T sessionmgrAttachClient
0000000000007e20 0000000000000060 T sessionmgrDetachClient
0000000000007e80 000000000000000c T appletGetAppletResourceUserId
0000000000007e90 0000000000000114 T timeToPosixTimeWithMyRule
0000000000007fb0 0000000000000314 W argvSetup
00000000000082d0 00000000000001fc T __nx_dynamic
00000000000084d0 0000000000000208 T envSetup
00000000000086e0 0000000000000020 T envGetMainThreadHandle
0000000000008700 000000000000000c T envIsNso
0000000000008710 0000000000000014 T envHasArgv
0000000000008730 000000000000000c T envGetArgv
0000000000008740 000000000000000c T envGetExitFuncPtr
0000000000008750 000000000000000c T envHasRandomSeed
0000000000008760 0000000000000010 T envGetRandomSeed
0000000000008770 000000000000002c W __libnx_init
00000000000087a0 000000000000001c W __libnx_exit
00000000000087c0 000000000000001c T __syscall_exit
00000000000087e0 0000000000000034 T __syscall_getreent
0000000000008820 0000000000000004 T __syscall_lock_acquire
0000000000008830 0000000000000004 T __syscall_lock_release
0000000000008840 0000000000000004 T __syscall_lock_acquire_recursive
0000000000008850 0000000000000004 T __syscall_lock_release_recursive
0000000000008860 0000000000000098 T newlibSetup
0000000000008900 00000000000000e8 T nxlinkSetup
00000000000089e8 W __libnx_exception_entry
0000000000008a74 t __libnx_exception_entry_start
0000000000008b9c t __libnx_exception_entry_abort
0000000000008ba0 t __libnx_exception_entry_end
0000000000008ba8 T __libnx_exception_returnentry
0000000000008bc0 0000000000000070 T condvarWaitTimeout
0000000000008c30 0000000000000410 T randomGet
0000000000009040 0000000000000020 T randomGet64
0000000000009060 00000000000000b0 T __libnx_init_thread
0000000000009120 0000000000000184 T _fgets_r
00000000000092c0 0000000000000034 T fgets
0000000000009300 0000000000000130 T _fclose_r
0000000000009440 000000000000001c T fclose
0000000000009480 0000000000000104 T memset
00000000000095c0 0000000000000134 T strcmp
0000000000009700 00000000000000f4 T _fwrite_r
0000000000009800 0000000000000034 T fwrite
0000000000009840 000000000000005c T strcspn
00000000000098c0 00000000000001b4 T strncmp
0000000000009a80 00000000000000dc T memchr
0000000000009b60 000000000000001c t stdio_exit_handler
0000000000009b80 000000000000006c t cleanup_stdio
0000000000009c00 0000000000000134 t global_stdio_init.part.0
0000000000009d40 000000000000000c T __sfp_lock_acquire
0000000000009d60 000000000000000c T __sfp_lock_release
0000000000009d80 0000000000000138 T __sfp
0000000000009ec0 0000000000000054 T __sinit
0000000000009f20 00000000000001a4 t _strtoul_l.isra.0
000000000000a0e0 0000000000000040 T strtoul
000000000000a120 00000000000000a4 T __libc_init_array
000000000000a1e0 0000000000000088 T strncat
000000000000a280 0000000000000098 T _fwalk_sglue
000000000000a320 00000000000000b4 T bsearch
000000000000a3e0 0000000000000014 T __errno
000000000000a400 000000000000022c T memcpy
000000000000a400 T memmove
000000000000a640 0000000000000840 T _malloc_r
000000000000ae80 000000000000011c T _malloc_trim_r
000000000000afa0 00000000000002d8 T _free_r
000000000000b280 0000000000000038 T malloc
000000000000b2c0 000000000000001c T free
000000000000b2e0 00000000000001ec T __sflush_r
000000000000b4e0 00000000000000bc T _fflush_r
000000000000b5a0 0000000000000038 t lflush
000000000000b5e0 0000000000000190 T __srefill_r
000000000000b780 00000000000000b0 T __swhatbuf_r
000000000000b840 00000000000000e8 T __smakebuf_r
000000000000b940 0000000000000028 T gmtime
000000000000b980 0000000000000130 T strlen
000000000000bac0 00000000000000b8 T strnlen
000000000000bb80 000000000000000c T __malloc_lock
000000000000bba0 000000000000000c T __malloc_unlock
000000000000bbc0 0000000000000004 W __call_exitprocs
000000000000bbe0 0000000000000120 T _fopen_r
000000000000bd00 000000000000002c T fopen
000000000000bd40 00000000000000ac T strncpy
000000000000be00 0000000000000058 T _remove_r
000000000000be60 000000000000001c T remove
000000000000be80 00000000000004a4 T __sfvwrite_r
000000000000c340 000000000000004c T __sread
000000000000c3a0 0000000000000070 T __swrite
000000000000c420 0000000000000050 T __sseek
000000000000c480 0000000000000008 T __sclose
000000000000c4a0 00000000000002a0 T gmtime_r
000000000000c740 000000000000018c T _memalign_r
000000000000c900 00000000000000cc T strchr
000000000000c9e0 0000000000000004 T _fseek_r
000000000000ca00 00000000000000b8 T __sflags
000000000000cac0 0000000000000044 T __libc_fini_array
000000000000cb20 0000000000000568 T _realloc_r
000000000000d0a0 000000000000012c T __swsetup_r
000000000000d1e0 00000000000004c0 T _fseeko_r
000000000000d6a0 0000000000000020 T _exit
000000000000d6c0 0000000000000110 T opendir
000000000000d7e0 00000000000000ac T closedir
000000000000d8a0 000000000000009c T _fstat_r
000000000000d940 0000000000000020 T __getreent
000000000000d960 00000000000000a0 T __release_handle
000000000000da00 0000000000000130 T __alloc_handle
000000000000db40 0000000000000060 T __get_handle
000000000000dba0 00000000000000f4 T _close_r
000000000000dca0 0000000000000008 t null_write
000000000000dcc0 0000000000000018 T setDefaultDevice
000000000000dce0 0000000000000110 T FindDevice
000000000000de00 0000000000000034 T RemoveDevice
000000000000de40 00000000000000c4 T AddDevice
000000000000df20 0000000000000034 T GetDeviceOpTab
000000000000df60 0000000000000008 T _isatty_r
000000000000df80 00000000000000a0 T _lseek_r
000000000000e020 0000000000000088 T mkdir
000000000000e0c0 00000000000000f0 T _open_r
000000000000e1c0 00000000000000b0 T _read_r
000000000000e280 0000000000000084 T _rmdir_r
000000000000e320 0000000000000078 W _sbrk_r
000000000000e3a0 0000000000000014 T __libc_lock_acquire
000000000000e3c0 0000000000000014 T __libc_lock_release
000000000000e3e0 0000000000000014 T __libc_lock_acquire_recursive
000000000000e400 0000000000000014 T __libc_lock_release_recursive
000000000000e420 0000000000000080 T _unlink_r
000000000000e4a0 00000000000000b0 T _write_r
000000000000e550 T _init
000000000000e588 T _fini
000000000000f240 0000000000000020 r error_table
000000000000f2b8 0000000000000101 R _ctype_
000000000000f3c0 r __tls_align
000000000000f3c8 r __EH_FRAME_BEGIN__
000000000000f3c8 r __eh_frame_hdr_end
000000000000f3c8 r __eh_frame_hdr_start
0000000000011fac r __FRAME_END__
0000000000012000 d __frame_dummy_init_array_entry
0000000000012000 d __init_array_start
0000000000012000 d __preinit_array_end
0000000000012000 d __preinit_array_start
0000000000012000 d __relro_start
0000000000012008 d __do_global_dtors_aux_fini_array_entry
0000000000012008 d __fini_array_start
0000000000012008 d __init_array_end
0000000000012010 d __fini_array_end
0000000000012010 0000000000000100 d fsdev_devoptab
0000000000012110 0000000000000100 D dotab_stdnull
0000000000012210 a _DYNAMIC
0000000000012360 d __got_start__
0000000000012360 a _GLOBAL_OFFSET_TABLE_
0000000000012528 d __got_end__
0000000000013000 d __data_start
0000000000013000 0000000000000004 d g_bat_tier
0000000000013004 0000000000000004 d g_mode
0000000000013008 0000000000000001 d g_sysmodule_running
000000000001300c 0000000000000004 D __nx_fs_num_sessions
0000000000013010 0000000000000004 D __nx_applet_type
0000000000013014 0000000000000001 V __nx_fsdev_support_cwd
0000000000013018 0000000000000004 V __nx_fsdev_direntry_cache_size
0000000000013020 0000000000000008 V __nx_exception_stack_size
0000000000013028 0000000000000018 D __sglue
0000000000013040 0000000000000008 D __malloc_sbrk_base
0000000000013048 0000000000000008 D __malloc_trim_threshold
0000000000013050 0000000000000810 D __malloc_av_
0000000000013860 0000000000000008 D _impure_ptr
0000000000013868 0000000000000180 D _impure_data
0000000000013a00 0000000000002000 d handles
0000000000015a00 0000000000000010 d __stderr_handle
0000000000015a10 0000000000000010 d __stdout_handle
0000000000015a20 0000000000000010 d __stdin_handle
0000000000015a30 0000000000000118 D devoptab_list
0000000000015b48 0000000000000004 d defaultDevice
0000000000015b50 b __bss_start__
0000000000015b50 d __tdata_lma
0000000000015b50 d __tdata_lma_end
0000000000015b50 b completed.1
0000000000015b58 b object.0
0000000000015b90 0000000000000004 b g_num_pads
0000000000015b98 0000000000000040 b g_connected_pads
0000000000015bd8 0000000000000001 b g_gpio_ok
0000000000015be0 0000000000000010 b s_gpio_pad
0000000000015bf0 0000000000000004 b g_gpio_dim_phase
0000000000015bf4 0000000000000001 b g_hidsys_ok
0000000000015bf5 0000000000000001 b g_is_lite
0000000000015bf8 0000000000000048 b g_pattern
0000000000015c40 0000000000000001 b g_charging
0000000000015c48 0000000000000010 b s_gpio_srv
0000000000015c58 0000000000000008 b g_home_prev
0000000000015c60 0000000000040000 b inner_heap.0
0000000000055c60 0000000000000008 b g_fsGuard
0000000000055c70 0000000000000054 b g_fsSessionMgr
0000000000055cc8 0000000000000010 b g_fsSrv
0000000000055cd8 0000000000000008 b g_hidGuard
0000000000055ce0 0000000000000008 b g_sevenSixAxisSensorBuffer
0000000000055ce8 0000000000000020 b g_hidSharedmem
0000000000055d08 0000000000000010 b g_hidIActiveVibrationDeviceList
0000000000055d18 0000000000000010 b g_hidIAppletResource
0000000000055d28 0000000000000010 b g_hidSrv
0000000000055d38 0000000000000008 b g_hidsysGuard
0000000000055d40 0000000000000008 b g_hidsysAppletResourceUserId
0000000000055d48 0000000000000010 b g_hidsysSrv
0000000000055d58 0000000000000008 b g_psmGuard
0000000000055d60 0000000000000010 b g_psmSrv
0000000000055d70 0000000000000008 b g_setsysGuard
0000000000055d78 0000000000000010 b g_setsysSrv
0000000000055d88 0000000000000008 b g_smGuard
0000000000055d90 0000000000000008 b g_smOverridesNum
0000000000055d98 0000000000000180 b g_smOverrides
0000000000055f18 0000000000000010 b g_smSrv
0000000000055f28 0000000000000004 b g_hosVersion
0000000000055f30 0000000000002800 b fsdev_fsdevices
0000000000058730 0000000000000004 b fsdev_fsdevice_cwd
0000000000058734 0000000000000001 b fsdev_initialised
0000000000058738 B __stack_top
0000000000058740 0000000000000001 b g_IsLegacyKernel
0000000000058748 0000000000000008 b g_Reservations
0000000000058750 0000000000000010 b g_StackRegion
0000000000058760 0000000000000010 b g_AslrRegion
0000000000058770 0000000000000010 b g_HeapRegion
0000000000058780 0000000000000010 b g_AliasRegion
0000000000058790 0000000000000004 b g_VirtmemMutex
0000000000058798 0000000000000008 b g_appletResourceUserId
00000000000587a0 0000000000000010 b g_timeTimeZoneService
00000000000587b0 0000000000000008 b g_argv_empty
00000000000587b8 0000000000000008 B __system_argv
00000000000587c0 0000000000000004 B __system_argc
00000000000587c8 0000000000000008 b g_userIdStorage
00000000000587d0 0000000000000010 b g_randomSeed
00000000000587e0 0000000000000001 b g_hasRandomSeed
00000000000587e4 0000000000000004 b g_lastLoadResult
00000000000587e8 0000000000000008 b g_nextLoadArgv
00000000000587f0 0000000000000008 b g_nextLoadPath
00000000000587f8 0000000000000004 b g_processHandle
0000000000058800 0000000000000018 b g_syscallHints
0000000000058818 0000000000000008 b g_overrideArgv
0000000000058820 0000000000000008 b g_overrideHeapSize
0000000000058828 0000000000000008 b g_overrideHeapAddr
0000000000058830 0000000000000008 b g_loaderRetAddr
0000000000058838 0000000000000004 b g_mainThreadHandle
0000000000058840 0000000000000008 b g_loaderInfoSize
0000000000058848 0000000000000008 b g_loaderInfo
0000000000058850 0000000000000001 b g_isNso
0000000000058860 0000000000000340 B __nx_exceptiondump
0000000000058ba0 0000000000000004 V __nx_exception_ignoredebug
0000000000058bb0 0000000000000400 V __nx_exception_stack
0000000000058fb0 0000000000000004 B __nxlink_host
0000000000058fb4 0000000000000004 b g_randMutex
0000000000058fb8 0000000000000001 b g_randInit
0000000000058fc0 0000000000000040 b g_chacha
0000000000059000 0000000000000038 b g_mainThread
0000000000059038 0000000000000008 b g_threadList
0000000000059040 0000000000000004 b g_threadMutex
0000000000059048 000000000000000c b __sfp_recursive_mutex
0000000000059058 0000000000000228 B __sf
0000000000059280 0000000000000008 B __stdio_exit_handler
0000000000059288 0000000000000050 B __malloc_current_mallinfo
00000000000592d8 0000000000000008 B __malloc_max_total_mem
00000000000592e0 0000000000000008 B __malloc_max_sbrked_mem
00000000000592e8 0000000000000008 B __malloc_top_pad
00000000000592f0 000000000000000c b __malloc_recursive_mutex
00000000000592fc 0000000000000004 b __hndl_lock
0000000000059300 0000000000000008 B fake_heap_start
0000000000059308 0000000000000008 B fake_heap_end
0000000000059310 0000000000000008 b heap_start.0
0000000000059318 b __tls_start
0000000000059728 b __bss_end__
0000000000059728 b __end__
0000000000059728 b __tls_end
000000000005a000 b __argdata__
