0000000000000000 0000000000000401 b __fixedpath
0000000000000000 a __start__
0000000000000000 T _start
0000000000000000 b _TLS_MODULE_BASE_
00000000000000e0 T __nx_exit
00000000000000f0 T __nx_mod0
0000000000000130 000000000000000c T __wrap___cxa_throw
000000000000013c 0000000000000034 T std::__throw_bad_alloc()
0000000000000170 0000000000000050 T std::__throw_logic_error(char const*)
00000000000001c0 0000000000000050 T std::__throw_length_error(char const*)
0000000000000210 0000000000000050 T std::__throw_out_of_range(char const*)
0000000000000260 000000000000000c T std::__throw_out_of_range_fmt(char const*, ...)
000000000000026c 0000000000000034 W __gnu_cxx::__throw_concurrence_lock_error()
00000000000002a0 0000000000000034 W __gnu_cxx::__throw_concurrence_unlock_error()
00000000000002d4 0000000000000010 T std::terminate()
0000000000000300 0000000000000034 t _GLOBAL__sub_D_eh_globals.cc
0000000000000340 0000000000000034 T exit
0000000000000374 000000000000197c T main
0000000000000401 0000000000002000 b tmp_buffer.0
0000000000001d00 00000000000001f0 t _GLOBAL__sub_I_eh_alloc.cc
0000000000001f00 0000000000000038 t _GLOBAL__sub_I_eh_globals.cc
0000000000001f40 t __do_global_dtors_aux
0000000000001fa0 t frame_dummy
0000000000001fc4 000000000000020c t ipcPrepareHeader.lto_priv.0
0000000000001fc4 000000000000020c t ipcPrepareHeader.lto_priv.1
00000000000021d0 00000000000001f4 t ipcParse.isra.0
00000000000023c4 0000000000000094 t serviceIpcParse.isra.0
0000000000002401 0000000000002000 b tmp_buffer.1
0000000000002458 00000000000000ac t serviceIpcPrepareHeader
0000000000002504 0000000000000010 t fsdev_link
0000000000002514 0000000000000010 t fsdev_dirreset
0000000000002524 0000000000000010 t fsdev_chmod
0000000000002534 0000000000000010 t fsdev_fchmod
0000000000002544 0000000000000018 t error_cmp
000000000000255c 0000000000000030 t smEncodeName_old
000000000000258c 0000000000000048 t npf_utoa_rev
00000000000025d4 0000000000000020 t npf_bufputc
00000000000025f4 0000000000000004 t npf_bufputc_nop
00000000000025f8 0000000000000018 t npf_putc_cnt
0000000000002610 0000000000000ec0 t npf_vsnprintf
00000000000034d0 0000000000000064 t npf_snprintf
0000000000003534 00000000000001d8 t SaltySD_printf(char const*, ...) [clone .lto_priv.0]
000000000000370c 00000000000001dc t SaltySD_printf(char const*, ...) [clone .lto_priv.1]
00000000000038e8 00000000000001dc t SaltySD_printf(char const*, ...) [clone .lto_priv.2]
0000000000003ac4 00000000000001dc t SaltySD_printf
0000000000003ca0 00000000000001ec t correctOledGamma
0000000000003e8c 0000000000000228 t getDockedHighestRefreshRate(unsigned int)
00000000000040b4 00000000000001ec t setPLLDHandheldRefreshRate(unsigned int)
00000000000042a0 000000000000029c t setNvDispHandheldRefreshRate(unsigned int)
000000000000453c 0000000000000554 t SetDisplayRefreshRate
0000000000004a90 0000000000000020 t file_or_directory_exists
0000000000004ab0 0000000000000884 t GetDisplayRefreshRate.constprop.0
0000000000005334 0000000000000064 t bool std::operator==<char, std::char_traits<char>, std::allocator<char> >(std::__cxx11::basic_string<char, std::char_traits<char>, std::allocator<char> > const&, char const*)
0000000000005398 0000000000000014 t std::_Vector_base<elf_parser::segment_t, std::allocator<elf_parser::segment_t> >::_M_deallocate(elf_parser::segment_t*, unsigned long) [clone .isra.0]
00000000000053ac 0000000000000090 t find_memory(unsigned int, unsigned long, unsigned long, unsigned char)
000000000000543c 0000000000000058 t _dmntchtCleanup
0000000000005494 0000000000000048 t ipcCloseObjectById.isra.0
00000000000054dc 0000000000000004 t serviceIpcDispatch.isra.0
00000000000054e0 00000000000000ac t fsFsGetEntryType_old
000000000000558c 00000000000000dc t fsFsOpenFile_old
0000000000005668 00000000000000d8 t fsFsOpenDirectory_old.constprop.0
0000000000005740 00000000000000c4 t fsFileRead_old.constprop.0
0000000000005804 00000000000000a8 t fsFileWrite_old.constprop.0
00000000000058ac 0000000000000078 t fsFileFlush_old
0000000000005924 0000000000000080 t fsFileSetSize_old
00000000000059a4 000000000000008c t fsFileGetSize_old
0000000000005a30 00000000000000ac t fsDirRead_old.constprop.0
0000000000005adc 0000000000000094 t smGetServiceOriginal_old
0000000000005b70 0000000000000064 t serviceClose_old.lto_priv.0
0000000000005b70 0000000000000064 t serviceClose_old.lto_priv.1
0000000000005bd4 000000000000001c t fsdev_close
0000000000005bf0 0000000000000020 t fsdev_dirclose
0000000000005c10 00000000000000d8 t fsFsGetFileTimeStampRaw_old.part.0
0000000000005ce8 00000000000000d8 t fsdevFindDevice
0000000000005dc0 00000000000001ac t fsdev_getfspath.constprop.0
0000000000005f6c 0000000000000048 t fsdev_translate_error
0000000000005fb4 00000000000001b4 t fsdev_open
0000000000006168 0000000000000138 t fsdev_write
00000000000062a0 000000000000013c t fsdev_read
00000000000063dc 0000000000000094 t fsdev_seek
0000000000006470 0000000000000098 t fsdev_fstat
0000000000006508 000000000000017c t fsdev_stat
0000000000006684 00000000000000cc t fsdev_unlink
0000000000006750 00000000000000d0 t fsdev_chdir
0000000000006820 0000000000000194 t fsdev_rename
00000000000069b4 00000000000000d0 t fsdev_mkdir
0000000000006a84 00000000000000b0 t fsdev_diropen
0000000000006b34 0000000000000130 t fsdev_dirnext
0000000000006c64 0000000000000170 t fsdev_statvfs
0000000000006dd4 000000000000004c t fsdev_ftruncate
0000000000006e20 0000000000000034 t fsdev_fsync
0000000000006e54 00000000000000d0 t fsdev_rmdir
0000000000006f24 000000000000002c t smExit_old
0000000000006f50 00000000000000a8 t renameCheatsFolder
0000000000006ff8 0000000000000140 t isApplicationOutOfFocus.constprop.0
0000000000007138 0000000000000068 T std::__cxx11::basic_string<char, std::char_traits<char>, std::allocator<char> >::basic_string(std::__cxx11::basic_string<char, std::char_traits<char>, std::allocator<char> >&&)
0000000000007138 0000000000000068 T std::__cxx11::basic_string<char, std::char_traits<char>, std::allocator<char> >::basic_string(std::__cxx11::basic_string<char, std::char_traits<char>, std::allocator<char> >&&)
00000000000071a0 0000000000000020 T std::__cxx11::basic_string<char, std::char_traits<char>, std::allocator<char> >::_S_copy(char*, char const*, unsigned long)
00000000000071c0 0000000000000018 T std::__cxx11::basic_string<char, std::char_traits<char>, std::allocator<char> >::_S_allocate(std::allocator<char>&, unsigned long)
00000000000071d8 000000000000005c T std::__cxx11::basic_string<char, std::char_traits<char>, std::allocator<char> >::_M_create(unsigned long&, unsigned long)
0000000000007234 0000000000000074 T void std::__cxx11::basic_string<char, std::char_traits<char>, std::allocator<char> >::_M_construct<char const*>(char const*, char const*, std::forward_iterator_tag)
00000000000072a8 0000000000000050 t std::__cxx11::basic_string<char, std::char_traits<char>, std::allocator<char> >::basic_string<std::allocator<char> >(char const*, std::allocator<char> const&) [clone .isra.0]
00000000000072f8 00000000000000d8 t elf_parser::Elf_parser::get_section_type[abi:cxx11](int) [clone .isra.0]
00000000000073d0 00000000000001b4 t elf_parser::Elf_parser::get_segment_type[abi:cxx11](unsigned int&) [clone .isra.0]
0000000000007584 0000000000000034 T std::__cxx11::basic_string<char, std::char_traits<char>, std::allocator<char> >::_M_check(unsigned long, char const*) const
00000000000075b8 000000000000002c T std::__cxx11::basic_string<char, std::char_traits<char>, std::allocator<char> >::_M_check_length(unsigned long, unsigned long, char const*) const
00000000000075e4 00000000000000ac T std::__cxx11::basic_string<char, std::char_traits<char>, std::allocator<char> >::operator=(std::__cxx11::basic_string<char, std::char_traits<char>, std::allocator<char> >&&)
0000000000007690 0000000000000020 T std::__cxx11::basic_string<char, std::char_traits<char>, std::allocator<char> >::_S_compare(unsigned long, unsigned long)
00000000000076b0 000000000000009c T std::__cxx11::basic_string<char, std::char_traits<char>, std::allocator<char> >::compare(unsigned long, unsigned long, char const*) const
000000000000774c 000000000000000c T std::__cxx11::basic_string<char, std::char_traits<char>, std::allocator<char> >::_M_destroy(unsigned long)
0000000000007758 000000000000001c T std::__cxx11::basic_string<char, std::char_traits<char>, std::allocator<char> >::_M_dispose()
0000000000007774 0000000000000028 t elf_parser::section_t::~section_t()
0000000000007774 0000000000000028 t elf_parser::section_t::~section_t()
000000000000779c 0000000000000060 t std::vector<elf_parser::section_t, std::allocator<elf_parser::section_t> >::~vector()
000000000000779c 0000000000000060 t std::vector<elf_parser::section_t, std::allocator<elf_parser::section_t> >::~vector()
00000000000077fc 0000000000000028 t elf_parser::segment_t::~segment_t()
00000000000077fc 0000000000000028 t elf_parser::segment_t::~segment_t()
0000000000007824 000000000000005c t std::vector<elf_parser::segment_t, std::allocator<elf_parser::segment_t> >::~vector()
0000000000007824 000000000000005c t std::vector<elf_parser::segment_t, std::allocator<elf_parser::segment_t> >::~vector()
0000000000007880 0000000000000028 t elf_parser::symbol_t::~symbol_t()
0000000000007880 0000000000000028 t elf_parser::symbol_t::~symbol_t()
00000000000078a8 000000000000005c t std::vector<elf_parser::symbol_t, std::allocator<elf_parser::symbol_t> >::~vector()
00000000000078a8 000000000000005c t std::vector<elf_parser::symbol_t, std::allocator<elf_parser::symbol_t> >::~vector()
0000000000007904 0000000000000068 t std::vector<elf32_parser::section_t, std::allocator<elf32_parser::section_t> >::~vector()
0000000000007904 0000000000000068 t std::vector<elf32_parser::section_t, std::allocator<elf32_parser::section_t> >::~vector()
000000000000796c 0000000000000028 t elf32_parser::segment_t::~segment_t()
000000000000796c 0000000000000028 t elf32_parser::segment_t::~segment_t()
0000000000007994 000000000000005c t std::vector<elf32_parser::segment_t, std::allocator<elf32_parser::segment_t> >::~vector()
0000000000007994 000000000000005c t std::vector<elf32_parser::segment_t, std::allocator<elf32_parser::segment_t> >::~vector()
00000000000079f0 0000000000000028 t elf32_parser::symbol_t::~symbol_t()
00000000000079f0 0000000000000028 t elf32_parser::symbol_t::~symbol_t()
0000000000007a18 00000000000000a4 T std::__cxx11::basic_string<char, std::char_traits<char>, std::allocator<char> >::_M_assign(std::__cxx11::basic_string<char, std::char_traits<char>, std::allocator<char> > const&)
0000000000007abc 00000000000000e0 T std::__cxx11::basic_string<char, std::char_traits<char>, std::allocator<char> >::_M_mutate(unsigned long, unsigned long, char const*, unsigned long)
0000000000007b9c 0000000000000080 T std::__cxx11::basic_string<char, std::char_traits<char>, std::allocator<char> >::_M_append(char const*, unsigned long)
0000000000007c1c 0000000000000050 T std::__cxx11::basic_string<char, std::char_traits<char>, std::allocator<char> >::append(char const*)
0000000000007c6c 0000000000000078 t elf_parser::Elf_parser::get_segment_flags[abi:cxx11](unsigned int&) [clone .isra.0]
0000000000007ce4 0000000000000068 T void std::__cxx11::basic_string<char, std::char_traits<char>, std::allocator<char> >::_M_construct<true>(char const*, unsigned long)
0000000000007d4c 0000000000000010 T std::__cxx11::basic_string<char, std::char_traits<char>, std::allocator<char> >::basic_string(std::__cxx11::basic_string<char, std::char_traits<char>, std::allocator<char> > const&)
0000000000007d4c 0000000000000010 T std::__cxx11::basic_string<char, std::char_traits<char>, std::allocator<char> >::basic_string(std::__cxx11::basic_string<char, std::char_traits<char>, std::allocator<char> > const&)
0000000000007d5c 000000000000003c t elf_parser::segment_t::segment_t(elf_parser::segment_t const&)
0000000000007d5c 000000000000003c t elf_parser::segment_t::segment_t(elf_parser::segment_t const&)
0000000000007d98 0000000000000210 t elf_parser::Elf_parser::get_segments()
0000000000007fa8 0000000000000044 t elf_parser::section_t::section_t(elf_parser::section_t const&)
0000000000007fa8 0000000000000044 t elf_parser::section_t::section_t(elf_parser::section_t const&)
0000000000007fec 0000000000000258 t elf_parser::Elf_parser::get_sections()
0000000000008244 0000000000000044 t elf_parser::symbol_t::symbol_t(elf_parser::symbol_t const&)
0000000000008244 0000000000000044 t elf_parser::symbol_t::symbol_t(elf_parser::symbol_t const&)
0000000000008288 000000000000039c t elf_parser::Elf_parser::get_symbols()
0000000000008624 00000000000006f4 t elf_parser::Elf_parser::relocate_segment(int, unsigned long)
0000000000008d18 00000000000002c0 t elf32_parser::Elf32_parser::get_sections()
0000000000008fd8 00000000000003e0 t elf32_parser::Elf32_parser::get_symbols()
00000000000093b8 000000000000003c t elf32_parser::segment_t::segment_t(elf32_parser::segment_t const&)
00000000000093b8 000000000000003c t elf32_parser::segment_t::segment_t(elf32_parser::segment_t const&)
00000000000093f4 000000000000020c t elf32_parser::Elf32_parser::get_segments()
0000000000009600 000000000000058c t elf32_parser::Elf32_parser::relocate(unsigned int, unsigned int, unsigned int) [clone .isra.0]
0000000000009b8c 00000000000011d4 t handleServiceCmd.isra.0
000000000000ad60 0000000000000004 T __wrap__Unwind_Resume
000000000000ad64 0000000000000004 T __wrap___gxx_personality_v0
000000000000ad68 000000000000002c T __libnx_initheap
000000000000ad94 000000000000000c T __appInit
000000000000ada0 0000000000000110 T __appExit
000000000000aeb0 000000000000001c T __nx_nv_create_tmem
000000000000aed0 00000000000000c8 T mutexLock
000000000000afa0 0000000000000068 T mutexUnlock
000000000000b010 000000000000001c T mutexIsLockedByCurrentThread
000000000000b030 0000000000000050 T rmutexLock
000000000000b080 0000000000000018 T rmutexUnlock
000000000000b0a0 0000000000000410 T randomGet
000000000000b4b0 0000000000000020 T randomGet64
000000000000b4d0 0000000000000014 T shmemCreate
000000000000b4f0 0000000000000070 T shmemMap
000000000000b560 000000000000002c T tmemCreateFromMemory
000000000000b590 0000000000000034 T tmemUnmap
000000000000b5d0 0000000000000030 T tmemCloseHandle
000000000000b600 000000000000009c T tmemWaitForPermission
000000000000b6a0 0000000000000050 T tmemClose
000000000000b6f0 0000000000000064 t _memregionInitWithInfo
000000000000b760 0000000000000004 W __libnx_virtmem_rng
000000000000b770 0000000000000164 t _memregionFindRandom
000000000000b8e0 0000000000000140 T virtmemSetup
000000000000ba20 000000000000000c T virtmemLock
000000000000ba30 000000000000000c T virtmemUnlock
000000000000ba40 0000000000000050 T virtmemFindAslr
000000000000ba90 0000000000000078 t _ldrDmntCleanup
000000000000bb10 00000000000000a0 T ldrDmntInitialize
000000000000bbb0 000000000000000c T ldrDmntGetServiceSession
000000000000bbc0 00000000000000f0 T ldrDmntGetProcessModuleInfo
000000000000bcb0 00000000000000d0 t _nvCleanup
000000000000bd80 00000000000000d4 t _nvCmdInitialize.constprop.0
000000000000be60 00000000000003a8 T nvInitialize
000000000000c210 0000000000000048 T nvExit
000000000000c260 00000000000000f4 T nvConvertError
000000000000c360 0000000000000114 T nvOpen
000000000000c480 0000000000000310 T nvIoctl
000000000000c790 00000000000000d4 T nvClose
000000000000c870 0000000000000100 t _pdmqryQueryEvent
000000000000c970 0000000000000078 t _pdmqryCleanup
000000000000c9f0 00000000000000a0 T pdmqryInitialize
000000000000ca90 0000000000000048 T pdmqryExit
000000000000cae0 000000000000000c T pdmqryGetServiceSession
000000000000caf0 0000000000000014 T pdmqryQueryPlayEvent
000000000000cb10 0000000000000108 T pdmqryGetAvailablePlayEventRange
000000000000cc20 00000000000000d0 t _setsysGetFirmwareVersionImpl
000000000000ccf0 0000000000000078 t _setsysCleanup
000000000000cd70 00000000000000c8 t _setCmdNoInOutU32.isra.0
000000000000ce40 00000000000000a0 T setsysInitialize
000000000000cee0 0000000000000048 T setsysExit
000000000000cf30 0000000000000048 T setsysGetFirmwareVersion
000000000000cf80 00000000000000d0 T setsysGetEdid
000000000000d050 0000000000000050 T setsysGetProductModel
000000000000d0a0 00000000000000cc t _smCmifCmdInPid
000000000000d170 0000000000000078 t _smCleanup
000000000000d1f0 0000000000000048 T smAddOverrideHandle
000000000000d240 0000000000000054 T smGetServiceOverride
000000000000d2a0 00000000000001ac T smInitialize
000000000000d450 0000000000000048 T smExit
000000000000d4a0 00000000000000d0 T smGetServiceOriginal
000000000000d570 0000000000000120 T smGetServiceWrapper
000000000000d690 00000000000000e4 T smRegisterServiceCmif
000000000000d780 00000000000000b0 T smRegisterServiceTipc
000000000000d830 0000000000000074 T smRegisterService
000000000000d8b0 00000000000000c0 T smUnregisterServiceCmif
000000000000d970 0000000000000080 T smUnregisterServiceTipc
000000000000d9f0 0000000000000048 T smUnregisterService
000000000000da40 0000000000000004 W __libnx_free
000000000000da50 0000000000000314 W argvSetup
000000000000dd70 000000000000001c W diagAbortWithResult
000000000000dd90 0000000000000208 T envSetup
000000000000dfa0 0000000000000020 T envGetMainThreadHandle
000000000000dfc0 000000000000000c T envIsNso
000000000000dfd0 0000000000000014 T envHasArgv
000000000000dff0 000000000000000c T envGetArgv
000000000000e000 000000000000000c T envGetExitFuncPtr
000000000000e010 000000000000000c T envHasRandomSeed
000000000000e020 0000000000000010 T envGetRandomSeed
000000000000e030 0000000000000014 T hosversionGet
000000000000e050 0000000000000010 T hosversionSet
000000000000e060 0000000000000014 T hosversionIsAtmosphere
000000000000e080 00000000000000e8 T nxlinkSetup
000000000000e170 0000000000000128 T decode_utf8
000000000000e298 T svcSetMemoryPermission
000000000000e2a0 T svcSetMemoryAttribute
000000000000e2a8 T svcUnmapMemory
000000000000e2b0 T svcQueryMemory
000000000000e2c4 T svcExitProcess
000000000000e2cc T svcSleepThread
000000000000e2d4 T svcMapSharedMemory
000000000000e2dc T svcCreateTransferMemory
000000000000e2f0 T svcCloseHandle
000000000000e2f8 T svcWaitSynchronization
000000000000e30c T svcArbitrateLock
000000000000e314 T svcArbitrateUnlock
000000000000e31c T svcGetSystemTick
000000000000e324 T svcConnectToNamedPort
000000000000e338 T svcSendSyncRequest
000000000000e340 T svcBreak
000000000000e348 T svcOutputDebugString
000000000000e350 T svcReturnFromException
000000000000e358 T svcGetInfo
000000000000e36c T svcAcceptSession
000000000000e380 T svcReplyAndReceive
000000000000e394 T svcCreateSharedMemory
000000000000e3a8 T svcUnmapTransferMemory
000000000000e3b0 T svcQueryMemoryMapping
000000000000e3c8 T svcDebugActiveProcess
000000000000e3dc T svcGetDebugEvent
000000000000e3e4 T svcGetProcessList
000000000000e3f8 T svcGetThreadList
000000000000e40c T svcGetDebugThreadContext
000000000000e414 T svcSetDebugThreadContext
000000000000e41c T svcQueryDebugProcessMemory
000000000000e430 T svcReadDebugProcessMemory
000000000000e438 T svcWriteDebugProcessMemory
000000000000e440 T svcManageNamedPort
000000000000e454 T svcSetProcessMemoryPermission
000000000000e45c T svcMapProcessMemory
000000000000e464 T svcUnmapProcessMemory
000000000000e46c T svcQueryProcessMemory
000000000000e480 T svcMapProcessCodeMemory
000000000000e488 T svcUnmapProcessCodeMemory
000000000000e490 0000000000000010 T appletGetAppletType
000000000000e4a0 000000000000000c T appletGetAppletResourceUserId
000000000000e4b0 00000000000001fc T __nx_dynamic
000000000000e6b0 000000000000002c W __libnx_init
000000000000e6e0 000000000000001c W __libnx_exit
000000000000e700 000000000000001c T __syscall_exit
000000000000e720 0000000000000034 T __syscall_getreent
000000000000e760 0000000000000004 T __syscall_lock_acquire
000000000000e770 0000000000000004 T __syscall_lock_release
000000000000e780 0000000000000004 T __syscall_lock_acquire_recursive
000000000000e790 0000000000000004 T __syscall_lock_release_recursive
000000000000e7a0 0000000000000040 T __syscall_tls_create
000000000000e7e0 0000000000000018 T __syscall_tls_set
000000000000e800 0000000000000004 T __syscall_tls_get
000000000000e810 0000000000000018 T __syscall_tls_delete
000000000000e830 0000000000000098 T newlibSetup
000000000000e8c8 W __libnx_exception_entry
000000000000e954 t __libnx_exception_entry_start
000000000000ea7c t __libnx_exception_entry_abort
000000000000ea80 t __libnx_exception_entry_end
000000000000ea88 T __libnx_exception_returnentry
000000000000eaa0 T __aarch64_read_tp
000000000000eab0 00000000000000b0 T __libnx_init_thread
000000000000eb60 0000000000000010 T threadTlsGet
000000000000eb70 0000000000000010 T threadTlsSet
000000000000eb80 00000000000000d8 T threadTlsAlloc
000000000000ec60 0000000000000044 T threadTlsFree
000000000000ecc0 0000000000000004 T operator delete(void*, unsigned long)
000000000000ece0 0000000000000068 T operator new(unsigned long)
000000000000ed60 000000000000000c T std::bad_alloc::what() const
000000000000ed80 0000000000000014 T std::bad_alloc::~bad_alloc()
000000000000ed80 0000000000000014 T std::bad_alloc::~bad_alloc()
000000000000eda0 0000000000000020 T std::bad_alloc::~bad_alloc()
000000000000edc0 0000000000000004 T operator delete(void*)
000000000000ede0 000000000000000c W __gnu_cxx::__concurrence_lock_error::what() const
000000000000ee00 000000000000000c W __gnu_cxx::__concurrence_unlock_error::what() const
000000000000ee20 0000000000000014 W __gnu_cxx::__concurrence_lock_error::~__concurrence_lock_error()
000000000000ee20 0000000000000014 W __gnu_cxx::__concurrence_lock_error::~__concurrence_lock_error()
000000000000ee40 0000000000000038 W __gnu_cxx::__concurrence_lock_error::~__concurrence_lock_error()
000000000000ee80 0000000000000014 W __gnu_cxx::__concurrence_unlock_error::~__concurrence_unlock_error()
000000000000ee80 0000000000000014 W __gnu_cxx::__concurrence_unlock_error::~__concurrence_unlock_error()
000000000000eea0 0000000000000038 W __gnu_cxx::__concurrence_unlock_error::~__concurrence_unlock_error()
000000000000eee0 0000000000000110 t (anonymous namespace)::pool::free(void*) [clone .constprop.0]
000000000000f000 00000000000000cc t (anonymous namespace)::pool::allocate(unsigned long) [clone .constprop.0]
000000000000f0e0 0000000000000058 T __cxa_allocate_exception
000000000000f140 0000000000000028 T __cxa_free_exception
000000000000f180 0000000000000004 T std::exception::~exception()
000000000000f180 0000000000000004 T std::exception::~exception()
000000000000f1a0 0000000000000018 T __cxxabiv1::__terminate(void (*)())
000000000000f1c0 0000000000000010 T std::get_terminate()
000000000000f1e0 0000000000000010 T std::get_new_handler()
000000000000f200 0000000000000014 T __cxxabiv1::__si_class_type_info::~__si_class_type_info()
000000000000f200 0000000000000014 T __cxxabiv1::__si_class_type_info::~__si_class_type_info()
000000000000f220 0000000000000020 T __cxxabiv1::__si_class_type_info::~__si_class_type_info()
000000000000f240 0000000000000194 T __cxxabiv1::__si_class_type_info::__do_dyncast(long, __cxxabiv1::__class_type_info::__sub_kind, __cxxabiv1::__class_type_info const*, void const*, __cxxabiv1::__class_type_info const*, void const*, __cxxabiv1::__class_type_info::__dyncast_result&) const
000000000000f3e0 00000000000000a8 T __cxxabiv1::__si_class_type_info::__do_find_public_src(long, void const*, __cxxabiv1::__class_type_info const*, void const*) const
000000000000f4a0 0000000000000064 T __cxxabiv1::__si_class_type_info::__do_upcast(__cxxabiv1::__class_type_info const*, void const*, __cxxabiv1::__class_type_info::__upcast_result&) const
000000000000f520 0000000000000004 T std::type_info::~type_info()
000000000000f520 0000000000000004 T std::type_info::~type_info()
000000000000f540 0000000000000008 T std::type_info::__is_pointer_p() const
000000000000f540 0000000000000008 T std::type_info::__is_function_p() const
000000000000f560 0000000000000008 T std::logic_error::what() const
000000000000f560 0000000000000008 T std::runtime_error::what() const
000000000000f580 0000000000000074 T std::logic_error::~logic_error()
000000000000f580 0000000000000074 T std::logic_error::~logic_error()
000000000000f600 000000000000001c T std::logic_error::~logic_error()
000000000000f620 0000000000000014 T std::length_error::~length_error()
000000000000f620 0000000000000014 T std::length_error::~length_error()
000000000000f640 000000000000001c T std::length_error::~length_error()
000000000000f660 0000000000000014 T std::out_of_range::~out_of_range()
000000000000f660 0000000000000014 T std::out_of_range::~out_of_range()
000000000000f680 000000000000001c T std::out_of_range::~out_of_range()
000000000000f6a0 00000000000000f8 T std::logic_error::logic_error(char const*)
000000000000f6a0 00000000000000f8 T std::logic_error::logic_error(char const*)
000000000000f7a0 0000000000000030 T std::length_error::length_error(char const*)
000000000000f7a0 0000000000000030 T std::length_error::length_error(char const*)
000000000000f7e0 0000000000000030 T std::out_of_range::out_of_range(char const*)
000000000000f7e0 0000000000000030 T std::out_of_range::out_of_range(char const*)
000000000000f820 0000000000000080 W std::string::_Rep::_S_create(unsigned long, unsigned long, std::allocator<char> const&)
000000000000f8a0 0000000000000004 W std::string::_Rep::_M_destroy(std::allocator<char> const&)
000000000000f8c0 0000000000000068 T __cxxabiv1::__class_type_info::__do_upcast(__cxxabiv1::__class_type_info const*, void**) const
000000000000f940 0000000000000010 T __cxxabiv1::__class_type_info::__do_find_public_src(long, void const*, __cxxabiv1::__class_type_info const*, void const*) const
000000000000f960 0000000000000014 T __cxxabiv1::__class_type_info::~__class_type_info()
000000000000f960 0000000000000014 T __cxxabiv1::__class_type_info::~__class_type_info()
000000000000f980 0000000000000020 T __cxxabiv1::__class_type_info::~__class_type_info()
000000000000f9a0 0000000000000090 T __cxxabiv1::__class_type_info::__do_upcast(__cxxabiv1::__class_type_info const*, void const*, __cxxabiv1::__class_type_info::__upcast_result&) const
000000000000fa40 00000000000000a8 T __cxxabiv1::__class_type_info::__do_catch(std::type_info const*, void**, unsigned int) const
000000000000fb00 00000000000000ec T __cxxabiv1::__class_type_info::__do_dyncast(long, __cxxabiv1::__class_type_info::__sub_kind, __cxxabiv1::__class_type_info const*, void const*, __cxxabiv1::__class_type_info const*, void const*, __cxxabiv1::__class_type_info::__dyncast_result&) const
000000000000fc00 000000000000009c T __cxa_begin_catch
000000000000fca0 0000000000000044 t eh_globals_dtor(void*)
000000000000fd00 0000000000000080 T __cxa_get_globals
000000000000fd80 000000000000001c t _Unwind_DeleteException
000000000000fda0 0000000000000110 t __deregister_frame_info_bases.part.0
000000000000fec0 0000000000000060 t __register_frame_info
000000000000ff20 0000000000000018 t __deregister_frame_info
000000000000ff40 0000000000000380 t __trunctfdf2
00000000000102c0 0000000000000070 t __sfp_handle_exceptions
0000000000010340 0000000000000024 T getenv
0000000000010380 0000000000000184 T _fgets_r
0000000000010520 0000000000000034 T fgets
0000000000010560 0000000000000130 T _fclose_r
00000000000106a0 000000000000001c T fclose
00000000000106c0 0000000000000104 T memset
00000000000107e0 000000000000002c T stat
0000000000010840 0000000000000134 T strcmp
0000000000010980 00000000000001b4 T strncmp
0000000000010b40 00000000000000dc T memchr
0000000000010c20 000000000000001c t stdio_exit_handler
0000000000010c40 000000000000006c t cleanup_stdio
0000000000010cc0 0000000000000134 t global_stdio_init.part.0
0000000000010e00 000000000000000c T __sfp_lock_acquire
0000000000010e20 000000000000000c T __sfp_lock_release
0000000000010e40 0000000000000138 T __sfp
0000000000010f80 0000000000000054 T __sinit
0000000000010fe0 00000000000001a4 t _strtoul_l.isra.0
00000000000111a0 0000000000000040 T strtoul
00000000000111e0 00000000000000a4 T __libc_init_array
00000000000112a0 000000000000002c T rename
00000000000112e0 0000000000000088 T strncat
0000000000011380 0000000000000098 T _fwalk_sglue
0000000000011420 00000000000000b4 T bsearch
00000000000114e0 0000000000000014 T __errno
0000000000011500 00000000000000cc T strchr
00000000000115e0 0000000000000018 T abort
0000000000011600 000000000000022c T memcpy
0000000000011600 T memmove
0000000000011840 0000000000000004 T _fseek_r
0000000000011860 0000000000000034 T fseek
00000000000118a0 0000000000000840 T _malloc_r
00000000000120e0 000000000000011c T _malloc_trim_r
0000000000012200 00000000000002d8 T _free_r
00000000000124e0 00000000000002c0 t _strtol_l.part.0
00000000000127a0 0000000000000078 T strtol
0000000000012820 0000000000000038 T malloc
0000000000012860 000000000000001c T free
0000000000012880 00000000000001ec T __sflush_r
0000000000012a80 00000000000000bc T _fflush_r
0000000000012b40 0000000000000038 t lflush
0000000000012b80 0000000000000190 T __srefill_r
0000000000012d20 00000000000000b0 T __swhatbuf_r
0000000000012de0 00000000000000e8 T __smakebuf_r
0000000000012f00 0000000000000130 T strlen
0000000000013040 00000000000000f4 T _findenv_r
0000000000013140 0000000000000330 T _fread_r
0000000000013480 0000000000000034 T fread
00000000000134c0 00000000000000b8 T strnlen
0000000000013580 000000000000000c T __malloc_lock
00000000000135a0 000000000000000c T __malloc_unlock
00000000000135c0 00000000000001c8 T memcmp
00000000000137a0 0000000000000004 W __call_exitprocs
00000000000137c0 0000000000000120 T _fopen_r
00000000000138e0 000000000000002c T fopen
0000000000013920 0000000000000034 T clock
0000000000013960 00000000000000ac T strncpy
0000000000013a20 0000000000000004 T _ftell_r
0000000000013a40 000000000000001c T ftell
0000000000013a60 0000000000000058 T _remove_r
0000000000013ac0 000000000000001c T remove
0000000000013ae0 000000000000004c T __sread
0000000000013b40 0000000000000070 T __swrite
0000000000013bc0 0000000000000050 T __sseek
0000000000013c20 0000000000000008 T __sclose
0000000000013c40 000000000000009c T _raise_r
0000000000013ce0 000000000000001c T raise
0000000000013d00 000000000000000c T __env_lock
0000000000013d20 000000000000000c T __env_unlock
0000000000013d40 000000000000018c T _memalign_r
0000000000013ee0 00000000000004c0 T _fseeko_r
00000000000143a0 00000000000000b8 T __sflags
0000000000014460 0000000000000044 T __libc_fini_array
00000000000144c0 0000000000000568 T _realloc_r
0000000000014a40 0000000000000168 T _ftello_r
0000000000014bc0 00000000000000f4 T _fwrite_r
0000000000014cc0 0000000000000034 T fwrite
0000000000014d00 0000000000000074 T strcasecmp
0000000000014d80 0000000000000018 T isspace
0000000000014da0 0000000000000134 t critical_factorization
0000000000014ee0 00000000000002f0 t two_way_long_needle
00000000000151e0 0000000000000258 T strstr
0000000000015440 0000000000000084 T strncasecmp
00000000000154e0 00000000000004a4 T __sfvwrite_r
00000000000159a0 000000000000012c T __swsetup_r
0000000000015ae0 0000000000000020 T _exit
0000000000015b00 000000000000008c t __dirnext
0000000000015ba0 0000000000000110 T opendir
0000000000015cc0 00000000000000ac T closedir
0000000000015d80 0000000000000104 T readdir_r
0000000000015ea0 0000000000000040 T readdir
0000000000015ee0 000000000000009c T _fstat_r
0000000000015f80 0000000000000010 T _getpid_r
0000000000015fa0 0000000000000020 T __getreent
0000000000015fc0 00000000000000a0 T __release_handle
0000000000016060 0000000000000130 T __alloc_handle
00000000000161a0 0000000000000060 T __get_handle
0000000000016200 00000000000000f4 T _close_r
0000000000016300 0000000000000008 t null_write
0000000000016320 0000000000000110 T FindDevice
0000000000016440 0000000000000034 T RemoveDevice
0000000000016480 00000000000000c4 T AddDevice
0000000000016560 0000000000000008 T _isatty_r
0000000000016580 0000000000000010 T _kill_r
00000000000165a0 00000000000000a0 T _lseek_r
0000000000016640 0000000000000088 T mkdir
00000000000166e0 000000000000006c T pthread_mutex_lock
0000000000016760 000000000000006c T pthread_mutex_unlock
00000000000167e0 0000000000000024 T pthread_key_create
0000000000016820 0000000000000018 T pthread_setspecific
0000000000016840 0000000000000018 T pthread_getspecific
0000000000016860 0000000000000018 T pthread_key_delete
0000000000016880 00000000000000f0 T _open_r
0000000000016980 00000000000000b0 T _read_r
0000000000016a40 00000000000000a8 T _rename_r
0000000000016b00 0000000000000084 T _rmdir_r
0000000000016ba0 0000000000000078 W _sbrk_r
0000000000016c20 000000000000008c T _stat_r
0000000000016cc0 0000000000000014 T __libc_lock_acquire
0000000000016ce0 0000000000000014 T __libc_lock_release
0000000000016d00 0000000000000014 T __libc_lock_acquire_recursive
0000000000016d20 0000000000000014 T __libc_lock_release_recursive
0000000000016d40 0000000000000010 T _times_r
0000000000016d60 0000000000000080 T _unlink_r
0000000000016de0 00000000000000b0 T _write_r
0000000000016e90 T _init
0000000000016ec8 T _fini
0000000000018bb8 0000000000000050 r handheldTimingsRETRO
0000000000018c08 000000000000000e r DockedModeRefreshRateAllowedValues
0000000000018c18 00000000000000a8 r dockedTimings1080p
0000000000018cc0 0000000000000020 r error_table
0000000000018e18 000000000000000d V typeinfo name for std::bad_alloc
0000000000018e28 0000000000000027 V typeinfo name for __gnu_cxx::__concurrence_lock_error
0000000000018e50 0000000000000029 V typeinfo name for __gnu_cxx::__concurrence_unlock_error
0000000000018e80 000000000000000d V typeinfo name for std::exception
0000000000018e90 0000000000000025 V typeinfo name for __cxxabiv1::__si_class_type_info
0000000000018eb8 000000000000000d V typeinfo name for std::type_info
0000000000018ec8 0000000000000010 V typeinfo name for std::logic_error
0000000000018ed8 0000000000000011 V typeinfo name for std::length_error
0000000000018ef0 0000000000000011 V typeinfo name for std::out_of_range
0000000000018f08 0000000000000022 V typeinfo name for __cxxabiv1::__class_type_info
0000000000018f60 0000000000000101 R _ctype_
0000000000019068 r __tls_align
00000000000190c8 r __EH_FRAME_BEGIN__
00000000000190c8 r __eh_frame_hdr_end
00000000000190c8 r __eh_frame_hdr_start
00000000000198f8 N 
00000000000198f8 N 
00000000000198f8 N 
00000000000198f8 N 
00000000000198f8 N 
00000000000198f8 N 
00000000000198f8 N 
00000000000198f8 N 
00000000000198f8 N 
00000000000198f8 N 
00000000000198f8 N 
00000000000198f8 N 
00000000000198f8 N 
00000000000198f8 N 
00000000000198f8 N 
00000000000198f8 N 
00000000000198f8 N 
00000000000198f8 N 
00000000000198f8 N 
00000000000198f8 N 
00000000000198f8 N 
00000000000198f8 N 
00000000000198f8 N 
00000000000198f8 N 
00000000000198f8 N 
00000000000198f8 N 
00000000000198f8 N 
00000000000198f8 N 
00000000000198f8 N 
00000000000198f8 N 
00000000000198f8 N 
00000000000198f8 N 
00000000000198f8 N 
00000000000198f8 N 
00000000000198f8 N 
00000000000198f8 N 
00000000000198f8 N 
00000000000198f8 N 
00000000000198f8 N 
00000000000198f8 N 
00000000000198f8 N 
00000000000198f8 W display_refresh_rate.cpp.0649f372
000000000001bf94 r __FRAME_END__
000000000001c000 d __frame_dummy_init_array_entry
000000000001c000 d __init_array_start
000000000001c000 d __preinit_array_end
000000000001c000 d __preinit_array_start
000000000001c000 d __relro_start
000000000001c018 d __do_global_dtors_aux_fini_array_entry
000000000001c018 d __fini_array_start
000000000001c018 d __init_array_end
000000000001c028 d __fini_array_end
000000000001c028 0000000000000100 d fsdev_devoptab
000000000001c128 0000000000000100 D dotab_stdnull
000000000001c228 0000000000000018 V typeinfo for std::bad_alloc
000000000001c240 0000000000000028 V vtable for std::bad_alloc
000000000001c268 0000000000000018 V typeinfo for __gnu_cxx::__concurrence_lock_error
000000000001c280 0000000000000018 V typeinfo for __gnu_cxx::__concurrence_unlock_error
000000000001c298 0000000000000028 V vtable for __gnu_cxx::__concurrence_lock_error
000000000001c2c0 0000000000000028 V vtable for __gnu_cxx::__concurrence_unlock_error
000000000001c2e8 0000000000000010 V typeinfo for std::exception
000000000001c2f8 0000000000000018 V typeinfo for __cxxabiv1::__si_class_type_info
000000000001c310 0000000000000058 V vtable for __cxxabiv1::__si_class_type_info
000000000001c368 0000000000000010 V typeinfo for std::type_info
000000000001c378 0000000000000018 V typeinfo for std::logic_error
000000000001c390 0000000000000018 V typeinfo for std::length_error
000000000001c3a8 0000000000000018 V typeinfo for std::out_of_range
000000000001c3c0 0000000000000028 V vtable for std::logic_error
000000000001c3e8 0000000000000028 V vtable for std::length_error
000000000001c410 0000000000000028 V vtable for std::out_of_range
000000000001c438 0000000000000018 V typeinfo for __cxxabiv1::__class_type_info
000000000001c450 0000000000000058 V vtable for __cxxabiv1::__class_type_info
000000000001c4a8 a _DYNAMIC
000000000001c5f8 d __got_start__
000000000001c5f8 a _GLOBAL_OFFSET_TABLE_
000000000001c898 d __got_end__
000000000001d000 d __data_start
000000000001d000 0000000000000004 d correctOledGamma::last_refresh_rate
000000000001d004 0000000000000001 d dockedHighestRefreshRate
000000000001d005 0000000000000001 d dockedLinkRate
000000000001d006 0000000000000002 d HandheldModeRefreshRateAllowed
000000000001d008 0000000000000004 d last_vActive
000000000001d00c 0000000000000004 d fsdev_fsdevice_default
000000000001d010 0000000000000401 d __cwd
000000000001d414 0000000000000004 d fsdev_fsdevice_cwd
000000000001d418 0000000000000008 d lastAppPID
000000000001d420 0000000000000004 D __nx_applet_type
000000000001d424 0000000000000004 V __nx_nv_service_type
000000000001d428 0000000000000008 V __nx_exception_stack_size
000000000001d430 0000000000000008 V DW.ref.__gxx_personality_v0
000000000001d438 0000000000000008 D __cxxabiv1::__terminate_handler
000000000001d440 0000000000000018 D __sglue
000000000001d458 0000000000000008 D __malloc_sbrk_base
000000000001d460 0000000000000008 D __malloc_trim_threshold
000000000001d468 0000000000000810 D __malloc_av_
000000000001dc78 0000000000000008 D _impure_ptr
000000000001dc80 0000000000000180 D _impure_data
000000000001de00 0000000000000008 D environ
000000000001de20 0000000000002000 d handles
000000000001fe20 0000000000000010 d __stderr_handle
000000000001fe30 0000000000000010 d __stdout_handle
000000000001fe40 0000000000000010 d __stdin_handle
000000000001fe50 0000000000000118 D devoptab_list
000000000001ff68 0000000000000004 d defaultDevice
000000000001ff70 d __tdata_lma
000000000001ff70 d __tdata_lma_end
0000000000020000 b __bss_start__
0000000000020000 b completed.1
0000000000020008 b object.0
0000000000020b6d N 
0000000000020b6d N 
0000000000020b6d N 
0000000000020b6d N 
0000000000020b6d N 
0000000000020b6d N 
0000000000020b6d N 
0000000000020b6d N 
0000000000020b6d N 
0000000000020b6d N 
0000000000020b6d N 
0000000000020b6d N 
0000000000020b6d N 
0000000000020b6d N 
0000000000020b6d N 
0000000000020b6d N 
0000000000020b6d N 
0000000000020b6d N 
0000000000020b6d N 
0000000000020b6d N 
0000000000020b6d N 
0000000000020b6d N 
0000000000020b6d N 
0000000000020b6d N 
0000000000020b6d N 
0000000000020b6d N 
0000000000020b6d N 
0000000000020b6d N 
0000000000020b6d N 
0000000000020b6d N 
0000000000020b6d N 
0000000000020b6d N 
0000000000020b6d N 
0000000000020b6d N 
0000000000020b6d N 
0000000000020b6d N 
0000000000020b6d N 
0000000000020b6d N 
0000000000020b6d N 
0000000000020b6d N 
0000000000020b6d N 
0000000000020b6d N 
0000000000020b6d N 
0000000000020b6d N 
0000000000020b6d N 
0000000000020b6d N 
0000000000020b6d N 
0000000000020b6d N 
0000000000020b6d N 
0000000000020b6d N 
0000000000020b6d N 
0000000000020b6d N 
0000000000020b6d N 
0000000000020b6d N 
0000000000020b6d N 
0000000000020b6d N 
0000000000020b6d N 
0000000000020b6d N 
0000000000020b6d N 
0000000000020b6d N 
0000000000020b6d N 
0000000000020b6d N 
0000000000020b6d N 
0000000000020b6d N 
0000000000020b6d N 
0000000000020b6d N 
0000000000020b6d N 
0000000000020b6d N 
0000000000020b6d N 
0000000000020b6d N 
0000000000020b6d N 
0000000000020b6d N 
0000000000020b6d N 
0000000000020b6d N 
0000000000020b6d N 
0000000000020b6d N 
0000000000020b6d N 
0000000000020b6d N 
0000000000020b6d N 
0000000000020b6d N 
0000000000020b6d N 
0000000000020b6d N 
0000000000020b6d N 
0000000000020b6d N 
0000000000020b6d N 
0000000000020b6d N 
0000000000020b6d N 
0000000000020b6d N 
0000000000020b6d N 
0000000000020b6d N 
0000000000020b6d N 
0000000000020b6d N 
0000000000020b6d N 
0000000000020b6d N 
0000000000020b6d N 
0000000000020b6d N 
0000000000020b6d N 
0000000000020b6d N 
0000000000020b6d N 
0000000000020b6d N 
0000000000020b6d N 
0000000000020b6d N 
0000000000020b6d N 
0000000000020b6d N 
0000000000020b6d N 
0000000000020b6d N 
0000000000020b6d N 
0000000000020b6d N 
0000000000020b6d N 
0000000000020b6d N 
0000000000020b6d N 
0000000000020b6d N 
0000000000020b6d N 
0000000000020b6d N 
0000000000020b6d N 
0000000000020b6d N 
0000000000020b6d N 
0000000000020b6d W elf_parser.cpp.b3fdb8a2
0000000000021000 0000000000000008 b _ZZL14SaltySD_printfPKczE4tick.lto_priv.0
0000000000021008 0000000000000001 b _ZZL14SaltySD_printfPKczE25previous_line_had_endline.lto_priv.0
0000000000021010 0000000000000008 b _ZZL14SaltySD_printfPKczE4tick.lto_priv.1
0000000000021018 0000000000000001 b _ZZL14SaltySD_printfPKczE25previous_line_had_endline.lto_priv.1
0000000000021020 0000000000000008 b _ZZL14SaltySD_printfPKczE4tick.lto_priv.2
0000000000021028 0000000000000001 b _ZZL14SaltySD_printfPKczE25previous_line_had_endline.lto_priv.2
0000000000021030 0000000000000008 b tick.4
0000000000021038 0000000000000001 b previous_line_had_endline.3
0000000000021039 0000000000000001 b isDocked
000000000002103c 0000000000000004 b correctOledGamma::i
0000000000021040 0000000000000008 b dsiVirtAddr
0000000000021048 0000000000000001 b dockedLaneCount
0000000000021050 0000000000000008 b clkVirtAddr
0000000000021058 0000000000000008 b nx_fps
0000000000021060 0000000000000001 b isRetroSUPER
0000000000021061 0000000000000001 b displaySync
0000000000021062 0000000000000001 b wasRetroSuperTurnedOff
0000000000021063 0000000000000001 b isLite
0000000000021064 0000000000000001 b isPossiblySpoofedRetro
0000000000021065 0000000000000001 b canChangeRefreshRateDocked
0000000000021066 0000000000000001 b setNvDispDockedRefreshRate(unsigned int)::last_vActive_set
0000000000021067 000000000000000e b DockedModeRefreshRateAllowed
0000000000021075 000000000000000e b DockedModeRefreshRateAllowed720p
0000000000021083 0000000000000001 b matchLowestDocked
0000000000021084 0000000000000001 b displaySyncDocked
0000000000021088 0000000000000020 b _sharedMemory
00000000000210a8 0000000000000001 b dontForce60InDocked
00000000000210a9 0000000000000001 b displaySyncDockedOutOfFocus60
00000000000210ac 0000000000000010 b g_dmntchtSrv
00000000000210bc 000000000000000c b g_smSrv
00000000000210c8 0000000000000001 b fsdev_initialised
00000000000210d0 0000000000000008 b g_refCnt
00000000000210d8 0000000000000008 b TIDnow
00000000000210e0 0000000000000001 b check
00000000000210e4 0000000000000004 b last_total_entries.6
00000000000210e8 0000000000000001 b isOutOfFocus.5
00000000000210e9 0000000000000001 b should_terminate
00000000000210f0 0000000000000008 b game_start_address
00000000000210f8 0000000000000008 b text_msize
0000000000021100 0000000000000008 b text_addr
0000000000021108 0000000000000008 b text_save
0000000000021110 0000000000000008 b data_msize
0000000000021118 0000000000000008 b data_addr
0000000000021120 0000000000000008 b data_save
0000000000021128 0000000000000008 b text_fsize
0000000000021130 0000000000000008 b data_fsize
0000000000021138 0000000000000001 b already_hijacking
000000000002113c 0000000000000004 b sdcard
0000000000021140 0000000000000008 b reservedSharedMemory
0000000000021148 0000000000000008 b PIDnow
0000000000021150 0000000000000008 b BIDnow
0000000000021158 0000000000000008 b exception
0000000000021160 0000000000000001 b refreshRate
0000000000021161 0000000000000001 b displaySyncOutOfFocus60
0000000000021162 0000000000000001 b isOLED
0000000000021164 0000000000000004 b saltyport
0000000000021168 0000000000000004 b injectserv
000000000002116c 0000000000000004 b init_num.2
0000000000021170 0000000000000001 b cheatCheck
0000000000021171 0000000000000001 b dmntchtActive.1
0000000000021174 0000000000000008 b g_dmntchtGuard
000000000002117c 0000000000000001 b wasLastDocked.0
0000000000021180 0000000000000040 b event
0000000000022000 0000000000008000 b nvdrv_tmem_data
000000000002a000 0000000000030000 b g_heap
0000000000031296 N 
0000000000031296 N 
0000000000031296 N 
0000000000031296 N 
0000000000031296 N 
0000000000031296 N 
0000000000031296 N 
0000000000031296 N 
0000000000031296 N 
0000000000031296 N 
0000000000031296 N 
0000000000031296 N 
0000000000031296 N 
0000000000031296 N 
0000000000031296 N 
0000000000031296 N 
0000000000031296 N 
0000000000031296 N 
0000000000031296 N 
0000000000031296 N 
0000000000031296 N 
0000000000031296 N 
0000000000031296 N 
0000000000031296 N 
0000000000031296 N 
0000000000031296 N 
0000000000031296 N 
0000000000031296 N 
0000000000031296 N 
0000000000031296 N 
0000000000031296 N 
0000000000031296 N 
0000000000031296 N 
0000000000031296 N 
0000000000031296 N 
0000000000031296 N 
0000000000031296 N 
0000000000031296 N 
0000000000031296 N 
0000000000031296 N 
0000000000031296 N 
0000000000031296 N 
0000000000031296 N 
0000000000031296 N 
0000000000031296 N 
0000000000031296 N 
0000000000031296 N 
0000000000031296 N 
0000000000031296 N 
0000000000031296 N 
0000000000031296 N 
0000000000031296 N 
0000000000031296 N 
0000000000031296 N 
0000000000031296 N 
0000000000031296 N 
0000000000031296 N 
0000000000031296 N 
0000000000031296 N 
0000000000031296 N 
0000000000031296 N 
0000000000031296 N 
0000000000031296 N 
0000000000031296 N 
0000000000031296 N 
0000000000031296 N 
0000000000031296 N 
0000000000031296 N 
0000000000031296 N 
0000000000031296 N 
0000000000031296 N 
0000000000031296 N 
0000000000031296 N 
0000000000031296 N 
0000000000031296 N 
0000000000031296 N 
0000000000031296 N 
0000000000031296 N 
0000000000031296 N 
0000000000031296 N 
0000000000031296 N 
0000000000031296 N 
0000000000031296 N 
0000000000031296 N 
0000000000031296 N 
0000000000031296 N 
0000000000031296 N 
0000000000031296 N 
0000000000031296 N 
0000000000031296 N 
0000000000031296 N 
0000000000031296 N 
0000000000031296 N 
0000000000031296 N 
0000000000031296 N 
0000000000031296 N 
0000000000031296 N 
0000000000031296 N 
0000000000031296 N 
0000000000031296 N 
0000000000031296 N 
0000000000031296 N 
0000000000031296 N 
0000000000031296 N 
0000000000031296 N 
0000000000031296 N 
0000000000031296 N 
0000000000031296 N 
0000000000031296 N 
0000000000031296 N 
0000000000031296 N 
0000000000031296 N 
0000000000031296 N 
0000000000031296 N 
0000000000031296 N 
0000000000031296 W elf32_parser.cpp.a0ff5e50
00000000000419ee N 
00000000000419ee N 
00000000000419ee N 
00000000000419ee N 
00000000000419ee N 
00000000000419ee N 
00000000000419ee N 
00000000000419ee N 
00000000000419ee N 
00000000000419ee N 
00000000000419ee N 
00000000000419ee N 
00000000000419ee N 
00000000000419ee N 
00000000000419ee N 
00000000000419ee N 
00000000000419ee N 
00000000000419ee N 
00000000000419ee N 
00000000000419ee N 
00000000000419ee N 
00000000000419ee N 
00000000000419ee N 
00000000000419ee N 
00000000000419ee N 
00000000000419ee N 
00000000000419ee N 
00000000000419ee N 
00000000000419ee N 
00000000000419ee N 
00000000000419ee N 
00000000000419ee N 
00000000000419ee N 
00000000000419ee N 
00000000000419ee N 
00000000000419ee N 
00000000000419ee N 
00000000000419ee N 
00000000000419ee N 
00000000000419ee N 
00000000000419ee N 
00000000000419ee N 
00000000000419ee N 
00000000000419ee N 
00000000000419ee N 
00000000000419ee N 
00000000000419ee N 
00000000000419ee N 
00000000000419ee W loadelf.cpp.bdd238b7
000000000004eb05 N 
000000000004eb05 N 
000000000004eb05 N 
000000000004eb05 N 
000000000004eb05 N 
000000000004eb05 N 
000000000004eb05 N 
000000000004eb05 N 
000000000004eb05 N 
000000000004eb05 N 
000000000004eb05 N 
000000000004eb05 N 
000000000004eb05 N 
000000000004eb05 N 
000000000004eb05 N 
000000000004eb05 N 
000000000004eb05 N 
000000000004eb05 N 
000000000004eb05 N 
000000000004eb05 N 
000000000004eb05 N 
000000000004eb05 N 
000000000004eb05 N 
000000000004eb05 N 
000000000004eb05 N 
000000000004eb05 N 
000000000004eb05 N 
000000000004eb05 N 
000000000004eb05 N 
000000000004eb05 N 
000000000004eb05 N 
000000000004eb05 N 
000000000004eb05 N 
000000000004eb05 N 
000000000004eb05 N 
000000000004eb05 N 
000000000004eb05 N 
000000000004eb05 N 
000000000004eb05 N 
000000000004eb05 N 
000000000004eb05 N 
000000000004eb05 N 
000000000004eb05 N 
000000000004eb05 N 
000000000004eb05 N 
000000000004eb05 N 
000000000004eb05 N 
000000000004eb05 N 
000000000004eb05 N 
000000000004eb05 N 
000000000004eb05 W dmntcht.c.53638a86
0000000000050bca N 
0000000000050bca N 
0000000000050bca N 
0000000000050bca N 
0000000000050bca N 
0000000000050bca N 
0000000000050bca N 
0000000000050bca N 
0000000000050bca N 
0000000000050bca N 
0000000000050bca N 
0000000000050bca N 
0000000000050bca N 
0000000000050bca N 
0000000000050bca N 
0000000000050bca N 
0000000000050bca N 
0000000000050bca N 
0000000000050bca N 
0000000000050bca N 
0000000000050bca N 
0000000000050bca N 
0000000000050bca N 
0000000000050bca N 
0000000000050bca N 
0000000000050bca N 
0000000000050bca N 
0000000000050bca N 
0000000000050bca N 
0000000000050bca N 
0000000000050bca N 
0000000000050bca N 
0000000000050bca N 
0000000000050bca N 
0000000000050bca N 
0000000000050bca N 
0000000000050bca N 
0000000000050bca N 
0000000000050bca N 
0000000000050bca N 
0000000000050bca N 
0000000000050bca N 
0000000000050bca N 
0000000000050bca N 
0000000000050bca N 
0000000000050bca N 
0000000000050bca N 
0000000000050bca N 
0000000000050bca N 
0000000000050bca N 
0000000000050bca N 
0000000000050bca N 
0000000000050bca N 
0000000000050bca N 
0000000000050bca N 
0000000000050bca N 
0000000000050bca N 
0000000000050bca N 
0000000000050bca N 
0000000000050bca N 
0000000000050bca N 
0000000000050bca N 
0000000000050bca N 
0000000000050bca N 
0000000000050bca N 
0000000000050bca W fs.c.8bd0ac9e
0000000000053005 N 
0000000000053005 N 
0000000000053005 N 
0000000000053005 N 
0000000000053005 N 
0000000000053005 N 
0000000000053005 N 
0000000000053005 N 
0000000000053005 N 
0000000000053005 N 
0000000000053005 N 
0000000000053005 N 
0000000000053005 N 
0000000000053005 N 
0000000000053005 N 
0000000000053005 N 
0000000000053005 N 
0000000000053005 N 
0000000000053005 N 
0000000000053005 N 
0000000000053005 N 
0000000000053005 N 
0000000000053005 N 
0000000000053005 N 
0000000000053005 N 
0000000000053005 N 
0000000000053005 N 
0000000000053005 N 
0000000000053005 N 
0000000000053005 N 
0000000000053005 N 
0000000000053005 N 
0000000000053005 N 
0000000000053005 N 
0000000000053005 N 
0000000000053005 N 
0000000000053005 N 
0000000000053005 N 
0000000000053005 N 
0000000000053005 N 
0000000000053005 N 
0000000000053005 N 
0000000000053005 N 
0000000000053005 N 
0000000000053005 N 
0000000000053005 N 
0000000000053005 N 
0000000000053005 N 
0000000000053005 N 
0000000000053005 N 
0000000000053005 N 
0000000000053005 N 
0000000000053005 N 
0000000000053005 N 
0000000000053005 N 
0000000000053005 N 
0000000000053005 N 
0000000000053005 N 
0000000000053005 N 
0000000000053005 N 
0000000000053005 N 
0000000000053005 N 
0000000000053005 N 
0000000000053005 N 
0000000000053005 N 
0000000000053005 N 
0000000000053005 N 
0000000000053005 W fs_dev.c.99221927
00000000000557d2 N 
00000000000557d2 N 
00000000000557d2 N 
00000000000557d2 N 
00000000000557d2 N 
00000000000557d2 N 
00000000000557d2 N 
00000000000557d2 N 
00000000000557d2 N 
00000000000557d2 N 
00000000000557d2 N 
00000000000557d2 N 
00000000000557d2 N 
00000000000557d2 N 
00000000000557d2 N 
00000000000557d2 N 
00000000000557d2 N 
00000000000557d2 N 
00000000000557d2 N 
00000000000557d2 N 
00000000000557d2 N 
00000000000557d2 N 
00000000000557d2 N 
00000000000557d2 N 
00000000000557d2 N 
00000000000557d2 N 
00000000000557d2 N 
00000000000557d2 N 
00000000000557d2 N 
00000000000557d2 N 
00000000000557d2 N 
00000000000557d2 N 
00000000000557d2 N 
00000000000557d2 N 
00000000000557d2 N 
00000000000557d2 N 
00000000000557d2 N 
00000000000557d2 N 
00000000000557d2 N 
00000000000557d2 N 
00000000000557d2 N 
00000000000557d2 N 
00000000000557d2 N 
00000000000557d2 N 
00000000000557d2 N 
00000000000557d2 N 
00000000000557d2 N 
00000000000557d2 N 
00000000000557d2 N 
00000000000557d2 N 
00000000000557d2 N 
00000000000557d2 N 
00000000000557d2 N 
00000000000557d2 N 
00000000000557d2 N 
00000000000557d2 N 
00000000000557d2 N 
00000000000557d2 N 
00000000000557d2 N 
00000000000557d2 N 
00000000000557d2 N 
00000000000557d2 N 
00000000000557d2 N 
00000000000557d2 N 
00000000000557d2 N 
00000000000557d2 N 
00000000000557d2 N 
00000000000557d2 N 
00000000000557d2 N 
00000000000557d2 N 
00000000000557d2 N 
00000000000557d2 N 
00000000000557d2 N 
00000000000557d2 N 
00000000000557d2 N 
00000000000557d2 N 
00000000000557d2 N 
00000000000557d2 W main.c.df067319
000000000005a000 0000000000002700 b fsdev_fsdevices
000000000005c700 0000000000000004 b g_randMutex
000000000005c704 0000000000000001 b g_randInit
000000000005c710 0000000000000040 b g_chacha
000000000005c750 0000000000000001 b g_IsLegacyKernel
000000000005c758 0000000000000008 b g_Reservations
000000000005c760 0000000000000010 b g_StackRegion
000000000005c770 0000000000000010 b g_AslrRegion
000000000005c780 0000000000000010 b g_HeapRegion
000000000005c790 0000000000000010 b g_AliasRegion
000000000005c7a0 0000000000000004 b g_VirtmemMutex
000000000005c7a8 0000000000000008 b g_ldrDmntGuard
000000000005c7b0 0000000000000010 b g_ldrDmntSrv
000000000005c7c0 0000000000000008 b g_nvGuard
000000000005c7c8 0000000000000028 b g_nvTransfermem
000000000005c7f0 0000000000000010 b g_nvSrvClone
000000000005c800 0000000000000010 b g_nvSrv
000000000005c810 0000000000000008 b g_pdmqryGuard
000000000005c818 0000000000000010 b g_pdmqrySrv
000000000005c828 0000000000000008 b g_setsysGuard
000000000005c830 0000000000000010 b g_setsysSrv
000000000005c840 0000000000000008 b g_smGuard
000000000005c848 0000000000000008 b g_smOverridesNum
000000000005c850 0000000000000180 b g_smOverrides
000000000005c9d0 0000000000000010 b g_smSrv
000000000005c9e0 0000000000000008 b g_argv_empty
000000000005c9e8 0000000000000008 B __system_argv
000000000005c9f0 0000000000000004 B __system_argc
000000000005c9f8 0000000000000008 b g_userIdStorage
000000000005ca00 0000000000000010 b g_randomSeed
000000000005ca10 0000000000000001 b g_hasRandomSeed
000000000005ca14 0000000000000004 b g_lastLoadResult
000000000005ca18 0000000000000008 b g_nextLoadArgv
000000000005ca20 0000000000000008 b g_nextLoadPath
000000000005ca28 0000000000000004 b g_processHandle
000000000005ca30 0000000000000018 b g_syscallHints
000000000005ca48 0000000000000008 b g_overrideArgv
000000000005ca50 0000000000000008 b g_overrideHeapSize
000000000005ca58 0000000000000008 b g_overrideHeapAddr
000000000005ca60 0000000000000008 b g_loaderRetAddr
000000000005ca68 0000000000000004 b g_mainThreadHandle
000000000005ca70 0000000000000008 b g_loaderInfoSize
000000000005ca78 0000000000000008 b g_loaderInfo
000000000005ca80 0000000000000001 b g_isNso
000000000005ca84 0000000000000004 b g_hosVersion
000000000005ca88 0000000000000004 B __nxlink_host
000000000005ca90 B __stack_top
000000000005ca98 0000000000000008 b g_appletResourceUserId
000000000005caa0 0000000000000340 B __nx_exceptiondump
000000000005cde0 0000000000000004 V __nx_exception_ignoredebug
000000000005cdf0 0000000000000400 V __nx_exception_stack
000000000005d1f0 0000000000000060 b g_tlsDestructors
000000000005d250 0000000000000008 b g_tlsUsageMask
000000000005d260 0000000000000038 b g_mainThread
000000000005d298 0000000000000008 b g_threadList
000000000005d2a0 0000000000000004 b g_threadMutex
000000000005d2b0 0000000000000028 b (anonymous namespace)::emergency_pool
000000000005d2d8 0000000000000008 b (anonymous namespace)::__new_handler
000000000005d2e0 0000000000000020 V std::string::_Rep::_S_empty_rep_storage
000000000005d300 0000000000000004 b init
000000000005d304 0000000000000001 B __eh_globals_init::_S_init
000000000005d308 0000000000000010 b (anonymous namespace)::eh_globals
000000000005d318 0000000000000010 b object_mutex
000000000005d328 0000000000000008 b seen_objects
000000000005d330 0000000000000008 b unseen_objects
000000000005d338 000000000000000c b __sfp_recursive_mutex
000000000005d348 0000000000000228 B __sf
000000000005d570 0000000000000008 B __stdio_exit_handler
000000000005d578 0000000000000050 B __malloc_current_mallinfo
000000000005d5c8 0000000000000008 B __malloc_max_total_mem
000000000005d5d0 0000000000000008 B __malloc_max_sbrked_mem
000000000005d5d8 0000000000000008 B __malloc_top_pad
000000000005d5e0 000000000000000c b __malloc_recursive_mutex
000000000005d5f0 000000000000000c b __env_recursive_mutex
000000000005d600 0000000000000008 b initial_env
000000000005d608 0000000000000004 b __hndl_lock
000000000005d610 0000000000000008 B fake_heap_start
000000000005d618 0000000000000008 B fake_heap_end
000000000005d620 0000000000000008 b heap_start.0
000000000005d628 b __tls_start
0000000000061a30 b __bss_end__
0000000000061a30 b __end__
0000000000061a30 b __tls_end
0000000000062000 b __argdata__
